2025-11-14 02:39:45,854 | INFO | __main__ | <module> | Запуск сервера админ-панели...
2025-11-14 02:39:45,854 | INFO | utils.file_manager | create_edit_session | Создание новой сессии: 20251114_0239
2025-11-14 02:39:45,855 | DEBUG | utils.file_manager | create_edit_session | Скопирован файл: CONTEST-DATA (PROM) 2025-11-13 v0.csv
2025-11-14 02:39:45,855 | DEBUG | utils.file_manager | create_edit_session | Скопирован файл: GROUP (PROM) 2025-11-13 v0.csv
2025-11-14 02:39:45,855 | DEBUG | utils.file_manager | create_edit_session | Скопирован файл: INDICATOR (PROM) 2025-11-13 v0.csv
2025-11-14 02:39:45,856 | DEBUG | utils.file_manager | create_edit_session | Скопирован файл: REPORT (PROM-KMKKSB) 2025-11-10 v1 (correct).csv
2025-11-14 02:39:45,857 | DEBUG | utils.file_manager | create_edit_session | Скопирован файл: REWARD (PROM) 2025-11-13 v0.csv
2025-11-14 02:39:45,857 | DEBUG | utils.file_manager | create_edit_session | Скопирован файл: REWARD-LINK (PROM) 2025-11-13 v0.csv
2025-11-14 02:39:45,858 | DEBUG | utils.file_manager | create_edit_session | Скопирован файл: SVD_KB_DM_GAMIFICATION_ORG_UNIT_V20 - 2025.08.28.csv
2025-11-14 02:39:45,858 | DEBUG | utils.file_manager | create_edit_session | Скопирован файл: TOURNAMENT-SCHEDULE (PROM) 2025-11-13 v0.csv
2025-11-14 02:39:45,858 | DEBUG | utils.file_manager | create_edit_session | Скопирован файл: PROM_USER_ROLE 2025-10-31 v1.csv
2025-11-14 02:39:45,859 | DEBUG | utils.file_manager | create_edit_session | Скопирован файл: PROM_USER_ROLE SB 2025-10-31 v1.csv
2025-11-14 02:39:45,859 | DEBUG | utils.file_manager | create_edit_session | Скопирован файл: employee_PROM_final_5000.csv
2025-11-14 02:39:45,859 | INFO | utils.file_manager | create_edit_session | Сессия создана: скопировано 11 файлов из 11
2025-11-14 02:39:45,859 | INFO | __main__ | <module> | Создана новая сессия: 20251114_0239
2025-11-14 02:39:45,860 | INFO | __main__ | <module> | Сервер готов к работе
 * Serving Flask app 'app'
 * Debug mode: on
2025-11-14 02:39:45,888 | INFO | werkzeug | _log | [31m[1mWARNING: This is a development server. Do not use it in a production deployment. Use a production WSGI server instead.[0m
 * Running on all addresses (0.0.0.0)
 * Running on http://127.0.0.1:5001
 * Running on http://192.168.1.31:5001
2025-11-14 02:39:45,888 | INFO | werkzeug | _log | [33mPress CTRL+C to quit[0m
2025-11-14 02:39:45,888 | INFO | werkzeug | _log |  * Restarting with stat
2025-11-14 02:39:46,075 | INFO | __main__ | <module> | Запуск сервера админ-панели...
2025-11-14 02:39:46,075 | INFO | utils.file_manager | create_edit_session | Создание новой сессии: 20251114_0239
2025-11-14 02:39:46,075 | DEBUG | utils.file_manager | create_edit_session | Скопирован файл: CONTEST-DATA (PROM) 2025-11-13 v0.csv
2025-11-14 02:39:46,076 | DEBUG | utils.file_manager | create_edit_session | Скопирован файл: GROUP (PROM) 2025-11-13 v0.csv
2025-11-14 02:39:46,076 | DEBUG | utils.file_manager | create_edit_session | Скопирован файл: INDICATOR (PROM) 2025-11-13 v0.csv
2025-11-14 02:39:46,076 | DEBUG | utils.file_manager | create_edit_session | Скопирован файл: REPORT (PROM-KMKKSB) 2025-11-10 v1 (correct).csv
2025-11-14 02:39:46,076 | DEBUG | utils.file_manager | create_edit_session | Скопирован файл: REWARD (PROM) 2025-11-13 v0.csv
2025-11-14 02:39:46,076 | DEBUG | utils.file_manager | create_edit_session | Скопирован файл: REWARD-LINK (PROM) 2025-11-13 v0.csv
2025-11-14 02:39:46,077 | DEBUG | utils.file_manager | create_edit_session | Скопирован файл: SVD_KB_DM_GAMIFICATION_ORG_UNIT_V20 - 2025.08.28.csv
2025-11-14 02:39:46,077 | DEBUG | utils.file_manager | create_edit_session | Скопирован файл: TOURNAMENT-SCHEDULE (PROM) 2025-11-13 v0.csv
2025-11-14 02:39:46,077 | DEBUG | utils.file_manager | create_edit_session | Скопирован файл: PROM_USER_ROLE 2025-10-31 v1.csv
2025-11-14 02:39:46,077 | DEBUG | utils.file_manager | create_edit_session | Скопирован файл: PROM_USER_ROLE SB 2025-10-31 v1.csv
2025-11-14 02:39:46,077 | DEBUG | utils.file_manager | create_edit_session | Скопирован файл: employee_PROM_final_5000.csv
2025-11-14 02:39:46,077 | INFO | utils.file_manager | create_edit_session | Сессия создана: скопировано 11 файлов из 11
2025-11-14 02:39:46,077 | INFO | __main__ | <module> | Создана новая сессия: 20251114_0239
2025-11-14 02:39:46,077 | INFO | __main__ | <module> | Сервер готов к работе
2025-11-14 02:39:46,092 | WARNING | werkzeug | _log |  * Debugger is active!
2025-11-14 02:39:46,102 | INFO | werkzeug | _log |  * Debugger PIN: 767-849-785
2025-11-14 02:39:56,013 | DEBUG | __main__ | get_field_values | get_field_values: file_key=REWARD-LINK, field_name=GROUP_CODE
2025-11-14 02:39:56,013 | DEBUG | utils.file_manager | read_csv | read_csv: file_key=GROUP
2025-11-14 02:39:56,013 | DEBUG | utils.file_manager | read_csv | Нет текущей сессии, получаем последнюю
2025-11-14 02:39:56,013 | DEBUG | utils.file_manager | read_csv | Текущая сессия: /Users/orionflash/Desktop/MyProject/SPOD_PROM/SPOD-cursor-Parce/SPOD_PARCE_LOAD/EDIT/20251114_0239
2025-11-14 02:39:56,013 | DEBUG | utils.file_manager | read_csv | Имя файла: GROUP (PROM) 2025-11-13 v0.csv
2025-11-14 02:39:56,013 | DEBUG | utils.file_manager | read_csv | Путь к файлу: /Users/orionflash/Desktop/MyProject/SPOD_PROM/SPOD-cursor-Parce/SPOD_PARCE_LOAD/EDIT/20251114_0239/GROUP (PROM) 2025-11-13 v0.csv
2025-11-14 02:39:56,013 | DEBUG | utils.file_manager | read_csv | Чтение CSV файла: /Users/orionflash/Desktop/MyProject/SPOD_PROM/SPOD-cursor-Parce/SPOD_PARCE_LOAD/EDIT/20251114_0239/GROUP (PROM) 2025-11-13 v0.csv
2025-11-14 02:39:56,015 | DEBUG | utils.file_manager | read_csv | Файл прочитан: 351 строк, 8 колонок
2025-11-14 02:39:56,016 | DEBUG | __main__ | get_field_values | Найдено 4 уникальных значений
2025-11-14 02:39:56,016 | INFO | werkzeug | _log | 127.0.0.1 - - [14/Nov/2025 02:39:56] "GET /api/files/REWARD-LINK/field/GROUP_CODE/values HTTP/1.1" 200 -
2025-11-14 02:39:56,411 | DEBUG | __main__ | get_records | get_records: file_key=REWARD-LINK, args={'page': '1', 'per_page': '5'}
2025-11-14 02:39:56,411 | DEBUG | __main__ | get_records | Параметры: page=1, per_page=5, search=, sort_by=None
2025-11-14 02:39:56,411 | DEBUG | utils.data_manager | get_records | get_records: file_key=REWARD-LINK, page=1, per_page=5
2025-11-14 02:39:56,411 | DEBUG | utils.file_manager | read_csv | read_csv: file_key=REWARD-LINK
2025-11-14 02:39:56,411 | DEBUG | utils.file_manager | read_csv | Текущая сессия: /Users/orionflash/Desktop/MyProject/SPOD_PROM/SPOD-cursor-Parce/SPOD_PARCE_LOAD/EDIT/20251114_0239
2025-11-14 02:39:56,411 | DEBUG | utils.file_manager | read_csv | Имя файла: REWARD-LINK (PROM) 2025-11-13 v0.csv
2025-11-14 02:39:56,411 | DEBUG | utils.file_manager | read_csv | Путь к файлу: /Users/orionflash/Desktop/MyProject/SPOD_PROM/SPOD-cursor-Parce/SPOD_PARCE_LOAD/EDIT/20251114_0239/REWARD-LINK (PROM) 2025-11-13 v0.csv
2025-11-14 02:39:56,412 | DEBUG | utils.file_manager | read_csv | Чтение CSV файла: /Users/orionflash/Desktop/MyProject/SPOD_PROM/SPOD-cursor-Parce/SPOD_PARCE_LOAD/EDIT/20251114_0239/REWARD-LINK (PROM) 2025-11-13 v0.csv
2025-11-14 02:39:56,412 | DEBUG | utils.file_manager | read_csv | Файл прочитан: 465 строк, 3 колонок
2025-11-14 02:39:56,412 | DEBUG | utils.data_manager | get_records | Файл прочитан: 465 строк, 3 колонок
2025-11-14 02:39:56,412 | DEBUG | utils.data_manager | get_records | Всего записей: 465
2025-11-14 02:39:56,413 | DEBUG | utils.data_manager | get_records | Страница 1: строки 0-5
2025-11-14 02:39:56,413 | DEBUG | utils.data_manager | get_records | Конвертировано 5 записей
2025-11-14 02:39:56,413 | DEBUG | __main__ | get_records | Результат: 5 записей, всего 465
2025-11-14 02:39:56,414 | INFO | werkzeug | _log | 127.0.0.1 - - [14/Nov/2025 02:39:56] "GET /api/files/REWARD-LINK/records?page=1&per_page=5 HTTP/1.1" 200 -
2025-11-14 02:39:56,896 | INFO | werkzeug | _log | 127.0.0.1 - - [14/Nov/2025 02:39:56] "GET / HTTP/1.1" 200 -
2025-11-14 02:39:56,902 | INFO | werkzeug | _log | 127.0.0.1 - - [14/Nov/2025 02:39:56] "GET /static/css/style.css HTTP/1.1" 200 -
2025-11-14 02:39:56,902 | INFO | werkzeug | _log | 127.0.0.1 - - [14/Nov/2025 02:39:56] "GET /static/js/app.js HTTP/1.1" 200 -
2025-11-14 02:39:57,052 | INFO | werkzeug | _log | 127.0.0.1 - - [14/Nov/2025 02:39:57] "GET /api/files HTTP/1.1" 200 -
2025-11-14 02:39:57,052 | INFO | werkzeug | _log | 127.0.0.1 - - [14/Nov/2025 02:39:57] "GET /api/sessions HTTP/1.1" 200 -
2025-11-14 02:39:57,055 | DEBUG | __main__ | get_records | get_records: file_key=CONTEST-DATA, args={'page': '1', 'per_page': '50', 'search': '', 'sort_by': '', 'sort_order': 'asc'}
2025-11-14 02:39:57,055 | DEBUG | __main__ | get_records | Параметры: page=1, per_page=50, search=, sort_by=
2025-11-14 02:39:57,055 | DEBUG | utils.data_manager | get_records | get_records: file_key=CONTEST-DATA, page=1, per_page=50
2025-11-14 02:39:57,055 | DEBUG | utils.file_manager | read_csv | read_csv: file_key=CONTEST-DATA
2025-11-14 02:39:57,055 | DEBUG | utils.file_manager | read_csv | Текущая сессия: /Users/orionflash/Desktop/MyProject/SPOD_PROM/SPOD-cursor-Parce/SPOD_PARCE_LOAD/EDIT/20251114_0239
2025-11-14 02:39:57,055 | DEBUG | utils.file_manager | read_csv | Имя файла: CONTEST-DATA (PROM) 2025-11-13 v0.csv
2025-11-14 02:39:57,055 | DEBUG | utils.file_manager | read_csv | Путь к файлу: /Users/orionflash/Desktop/MyProject/SPOD_PROM/SPOD-cursor-Parce/SPOD_PARCE_LOAD/EDIT/20251114_0239/CONTEST-DATA (PROM) 2025-11-13 v0.csv
2025-11-14 02:39:57,055 | DEBUG | utils.file_manager | read_csv | Чтение CSV файла: /Users/orionflash/Desktop/MyProject/SPOD_PROM/SPOD-cursor-Parce/SPOD_PARCE_LOAD/EDIT/20251114_0239/CONTEST-DATA (PROM) 2025-11-13 v0.csv
2025-11-14 02:39:57,056 | INFO | werkzeug | _log | 127.0.0.1 - - [14/Nov/2025 02:39:57] "GET /api/session/current HTTP/1.1" 200 -
2025-11-14 02:39:57,059 | DEBUG | utils.file_manager | read_csv | Файл прочитан: 235 строк, 25 колонок
2025-11-14 02:39:57,059 | DEBUG | utils.data_manager | get_records | Файл прочитан: 235 строк, 25 колонок
2025-11-14 02:39:57,059 | DEBUG | utils.data_manager | get_records | Всего записей: 235
2025-11-14 02:39:57,059 | DEBUG | utils.data_manager | get_records | Страница 1: строки 0-50
2025-11-14 02:39:57,060 | DEBUG | utils.data_manager | get_records | Конвертировано 50 записей
2025-11-14 02:39:57,060 | DEBUG | __main__ | get_records | Результат: 50 записей, всего 235
2025-11-14 02:39:57,060 | INFO | werkzeug | _log | 127.0.0.1 - - [14/Nov/2025 02:39:57] "GET /api/files/CONTEST-DATA/records?page=1&per_page=50&search=&sort_by=&sort_order=asc HTTP/1.1" 200 -
2025-11-14 02:40:45,610 | DEBUG | __main__ | get_records | get_records: file_key=REWARD-LINK, args={'page': '1', 'per_page': '50', 'search': '', 'sort_by': '', 'sort_order': 'asc'}
2025-11-14 02:40:45,610 | DEBUG | __main__ | get_records | Параметры: page=1, per_page=50, search=, sort_by=
2025-11-14 02:40:45,611 | DEBUG | utils.data_manager | get_records | get_records: file_key=REWARD-LINK, page=1, per_page=50
2025-11-14 02:40:45,611 | DEBUG | utils.file_manager | read_csv | read_csv: file_key=REWARD-LINK
2025-11-14 02:40:45,611 | DEBUG | utils.file_manager | read_csv | Текущая сессия: /Users/orionflash/Desktop/MyProject/SPOD_PROM/SPOD-cursor-Parce/SPOD_PARCE_LOAD/EDIT/20251114_0239
2025-11-14 02:40:45,611 | DEBUG | utils.file_manager | read_csv | Имя файла: REWARD-LINK (PROM) 2025-11-13 v0.csv
2025-11-14 02:40:45,611 | DEBUG | utils.file_manager | read_csv | Путь к файлу: /Users/orionflash/Desktop/MyProject/SPOD_PROM/SPOD-cursor-Parce/SPOD_PARCE_LOAD/EDIT/20251114_0239/REWARD-LINK (PROM) 2025-11-13 v0.csv
2025-11-14 02:40:45,611 | DEBUG | utils.file_manager | read_csv | Чтение CSV файла: /Users/orionflash/Desktop/MyProject/SPOD_PROM/SPOD-cursor-Parce/SPOD_PARCE_LOAD/EDIT/20251114_0239/REWARD-LINK (PROM) 2025-11-13 v0.csv
2025-11-14 02:40:45,613 | DEBUG | utils.file_manager | read_csv | Файл прочитан: 465 строк, 3 колонок
2025-11-14 02:40:45,613 | DEBUG | utils.data_manager | get_records | Файл прочитан: 465 строк, 3 колонок
2025-11-14 02:40:45,613 | DEBUG | utils.data_manager | get_records | Всего записей: 465
2025-11-14 02:40:45,614 | DEBUG | utils.data_manager | get_records | Страница 1: строки 0-50
2025-11-14 02:40:45,614 | DEBUG | utils.data_manager | get_records | Конвертировано 50 записей
2025-11-14 02:40:45,614 | DEBUG | __main__ | get_records | Результат: 50 записей, всего 465
2025-11-14 02:40:45,615 | INFO | werkzeug | _log | 127.0.0.1 - - [14/Nov/2025 02:40:45] "GET /api/files/REWARD-LINK/records?page=1&per_page=50&search=&sort_by=&sort_order=asc HTTP/1.1" 200 -
2025-11-14 02:40:47,401 | DEBUG | __main__ | get_record | get_record: file_key=REWARD-LINK, record_id=0
2025-11-14 02:40:47,401 | DEBUG | utils.data_manager | get_record | get_record: file_key=REWARD-LINK, record_id=0
2025-11-14 02:40:47,401 | DEBUG | utils.file_manager | read_csv | read_csv: file_key=REWARD-LINK
2025-11-14 02:40:47,401 | DEBUG | utils.file_manager | read_csv | Текущая сессия: /Users/orionflash/Desktop/MyProject/SPOD_PROM/SPOD-cursor-Parce/SPOD_PARCE_LOAD/EDIT/20251114_0239
2025-11-14 02:40:47,401 | DEBUG | utils.file_manager | read_csv | Имя файла: REWARD-LINK (PROM) 2025-11-13 v0.csv
2025-11-14 02:40:47,401 | DEBUG | utils.file_manager | read_csv | Путь к файлу: /Users/orionflash/Desktop/MyProject/SPOD_PROM/SPOD-cursor-Parce/SPOD_PARCE_LOAD/EDIT/20251114_0239/REWARD-LINK (PROM) 2025-11-13 v0.csv
2025-11-14 02:40:47,402 | DEBUG | utils.file_manager | read_csv | Чтение CSV файла: /Users/orionflash/Desktop/MyProject/SPOD_PROM/SPOD-cursor-Parce/SPOD_PARCE_LOAD/EDIT/20251114_0239/REWARD-LINK (PROM) 2025-11-13 v0.csv
2025-11-14 02:40:47,405 | DEBUG | utils.file_manager | read_csv | Файл прочитан: 465 строк, 3 колонок
2025-11-14 02:40:47,405 | DEBUG | utils.data_manager | get_record | Файл прочитан: 465 строк
2025-11-14 02:40:47,405 | DEBUG | utils.data_manager | get_record | Запись получена: 3 полей
2025-11-14 02:40:47,405 | DEBUG | __main__ | get_record | Запись получена: 3 полей
2025-11-14 02:40:47,406 | INFO | werkzeug | _log | 127.0.0.1 - - [14/Nov/2025 02:40:47] "GET /api/files/REWARD-LINK/records/0 HTTP/1.1" 200 -
2025-11-14 02:40:50,685 | INFO | werkzeug | _log |  * Detected change in '/Users/orionflash/Desktop/MyProject/SPOD_PROM/SPOD-cursor-Parce/SPOD_PARCE_LOAD/admin_panel/app.py', reloading
2025-11-14 02:40:50,755 | INFO | werkzeug | _log |  * Restarting with stat
2025-11-14 02:40:51,013 | INFO | __main__ | <module> | Запуск сервера админ-панели...
2025-11-14 02:40:51,013 | INFO | utils.file_manager | create_edit_session | Создание новой сессии: 20251114_0240
2025-11-14 02:40:51,014 | DEBUG | utils.file_manager | create_edit_session | Скопирован файл: CONTEST-DATA (PROM) 2025-11-13 v0.csv
2025-11-14 02:40:51,014 | DEBUG | utils.file_manager | create_edit_session | Скопирован файл: GROUP (PROM) 2025-11-13 v0.csv
2025-11-14 02:40:51,015 | DEBUG | utils.file_manager | create_edit_session | Скопирован файл: INDICATOR (PROM) 2025-11-13 v0.csv
2025-11-14 02:40:51,016 | DEBUG | utils.file_manager | create_edit_session | Скопирован файл: REPORT (PROM-KMKKSB) 2025-11-10 v1 (correct).csv
2025-11-14 02:40:51,016 | DEBUG | utils.file_manager | create_edit_session | Скопирован файл: REWARD (PROM) 2025-11-13 v0.csv
2025-11-14 02:40:51,016 | DEBUG | utils.file_manager | create_edit_session | Скопирован файл: REWARD-LINK (PROM) 2025-11-13 v0.csv
2025-11-14 02:40:51,017 | DEBUG | utils.file_manager | create_edit_session | Скопирован файл: SVD_KB_DM_GAMIFICATION_ORG_UNIT_V20 - 2025.08.28.csv
2025-11-14 02:40:51,017 | DEBUG | utils.file_manager | create_edit_session | Скопирован файл: TOURNAMENT-SCHEDULE (PROM) 2025-11-13 v0.csv
2025-11-14 02:40:51,017 | DEBUG | utils.file_manager | create_edit_session | Скопирован файл: PROM_USER_ROLE 2025-10-31 v1.csv
2025-11-14 02:40:51,018 | DEBUG | utils.file_manager | create_edit_session | Скопирован файл: PROM_USER_ROLE SB 2025-10-31 v1.csv
2025-11-14 02:40:51,019 | DEBUG | utils.file_manager | create_edit_session | Скопирован файл: employee_PROM_final_5000.csv
2025-11-14 02:40:51,019 | INFO | utils.file_manager | create_edit_session | Сессия создана: скопировано 11 файлов из 11
2025-11-14 02:40:51,019 | INFO | __main__ | <module> | Создана новая сессия: 20251114_0240
2025-11-14 02:40:51,019 | INFO | __main__ | <module> | Сервер готов к работе
2025-11-14 02:40:51,039 | WARNING | werkzeug | _log |  * Debugger is active!
2025-11-14 02:40:51,047 | INFO | werkzeug | _log |  * Debugger PIN: 767-849-785
2025-11-14 02:40:55,335 | DEBUG | __main__ | get_records | get_records: file_key=CONTEST-DATA, args={'page': '1', 'per_page': '1'}
2025-11-14 02:40:55,335 | DEBUG | __main__ | get_records | Параметры: page=1, per_page=1, search=, sort_by=None
2025-11-14 02:40:55,335 | DEBUG | utils.data_manager | get_records | get_records: file_key=CONTEST-DATA, page=1, per_page=1
2025-11-14 02:40:55,335 | DEBUG | utils.file_manager | read_csv | read_csv: file_key=CONTEST-DATA
2025-11-14 02:40:55,335 | DEBUG | utils.file_manager | read_csv | Нет текущей сессии, получаем последнюю
2025-11-14 02:40:55,335 | DEBUG | utils.file_manager | read_csv | Текущая сессия: /Users/orionflash/Desktop/MyProject/SPOD_PROM/SPOD-cursor-Parce/SPOD_PARCE_LOAD/EDIT/20251114_0240
2025-11-14 02:40:55,335 | DEBUG | utils.file_manager | read_csv | Имя файла: CONTEST-DATA (PROM) 2025-11-13 v0.csv
2025-11-14 02:40:55,335 | DEBUG | utils.file_manager | read_csv | Путь к файлу: /Users/orionflash/Desktop/MyProject/SPOD_PROM/SPOD-cursor-Parce/SPOD_PARCE_LOAD/EDIT/20251114_0240/CONTEST-DATA (PROM) 2025-11-13 v0.csv
2025-11-14 02:40:55,335 | DEBUG | utils.file_manager | read_csv | Чтение CSV файла: /Users/orionflash/Desktop/MyProject/SPOD_PROM/SPOD-cursor-Parce/SPOD_PARCE_LOAD/EDIT/20251114_0240/CONTEST-DATA (PROM) 2025-11-13 v0.csv
2025-11-14 02:40:55,339 | DEBUG | utils.file_manager | read_csv | Файл прочитан: 235 строк, 25 колонок
2025-11-14 02:40:55,339 | DEBUG | utils.data_manager | get_records | Файл прочитан: 235 строк, 25 колонок
2025-11-14 02:40:55,339 | DEBUG | utils.data_manager | get_records | Всего записей: 235
2025-11-14 02:40:55,339 | DEBUG | utils.data_manager | get_records | Страница 1: строки 0-1
2025-11-14 02:40:55,340 | DEBUG | utils.data_manager | get_records | Конвертировано 1 записей
2025-11-14 02:40:55,340 | DEBUG | __main__ | get_records | Результат: 1 записей, всего 235
2025-11-14 02:40:55,340 | INFO | werkzeug | _log | 127.0.0.1 - - [14/Nov/2025 02:40:55] "GET /api/files/CONTEST-DATA/records?page=1&per_page=1 HTTP/1.1" 200 -
2025-11-14 02:40:56,516 | INFO | werkzeug | _log | 127.0.0.1 - - [14/Nov/2025 02:40:56] "GET / HTTP/1.1" 200 -
2025-11-14 02:40:56,522 | INFO | werkzeug | _log | 127.0.0.1 - - [14/Nov/2025 02:40:56] "[36mGET /static/css/style.css HTTP/1.1[0m" 304 -
2025-11-14 02:40:56,522 | INFO | werkzeug | _log | 127.0.0.1 - - [14/Nov/2025 02:40:56] "[36mGET /static/js/app.js HTTP/1.1[0m" 304 -
2025-11-14 02:40:56,524 | INFO | werkzeug | _log | 127.0.0.1 - - [14/Nov/2025 02:40:56] "GET /api/files HTTP/1.1" 200 -
2025-11-14 02:40:56,524 | INFO | werkzeug | _log | 127.0.0.1 - - [14/Nov/2025 02:40:56] "GET /api/sessions HTTP/1.1" 200 -
2025-11-14 02:40:56,527 | DEBUG | __main__ | get_records | get_records: file_key=CONTEST-DATA, args={'page': '1', 'per_page': '50', 'search': '', 'sort_by': '', 'sort_order': 'asc'}
2025-11-14 02:40:56,527 | DEBUG | __main__ | get_records | Параметры: page=1, per_page=50, search=, sort_by=
2025-11-14 02:40:56,527 | DEBUG | utils.data_manager | get_records | get_records: file_key=CONTEST-DATA, page=1, per_page=50
2025-11-14 02:40:56,527 | DEBUG | utils.file_manager | read_csv | read_csv: file_key=CONTEST-DATA
2025-11-14 02:40:56,527 | DEBUG | utils.file_manager | read_csv | Текущая сессия: /Users/orionflash/Desktop/MyProject/SPOD_PROM/SPOD-cursor-Parce/SPOD_PARCE_LOAD/EDIT/20251114_0240
2025-11-14 02:40:56,527 | DEBUG | utils.file_manager | read_csv | Имя файла: CONTEST-DATA (PROM) 2025-11-13 v0.csv
2025-11-14 02:40:56,527 | DEBUG | utils.file_manager | read_csv | Путь к файлу: /Users/orionflash/Desktop/MyProject/SPOD_PROM/SPOD-cursor-Parce/SPOD_PARCE_LOAD/EDIT/20251114_0240/CONTEST-DATA (PROM) 2025-11-13 v0.csv
2025-11-14 02:40:56,527 | DEBUG | utils.file_manager | read_csv | Чтение CSV файла: /Users/orionflash/Desktop/MyProject/SPOD_PROM/SPOD-cursor-Parce/SPOD_PARCE_LOAD/EDIT/20251114_0240/CONTEST-DATA (PROM) 2025-11-13 v0.csv
2025-11-14 02:40:56,528 | INFO | werkzeug | _log | 127.0.0.1 - - [14/Nov/2025 02:40:56] "GET /api/session/current HTTP/1.1" 200 -
2025-11-14 02:40:56,531 | DEBUG | utils.file_manager | read_csv | Файл прочитан: 235 строк, 25 колонок
2025-11-14 02:40:56,531 | DEBUG | utils.data_manager | get_records | Файл прочитан: 235 строк, 25 колонок
2025-11-14 02:40:56,531 | DEBUG | utils.data_manager | get_records | Всего записей: 235
2025-11-14 02:40:56,531 | DEBUG | utils.data_manager | get_records | Страница 1: строки 0-50
2025-11-14 02:40:56,531 | DEBUG | utils.data_manager | get_records | Конвертировано 50 записей
2025-11-14 02:40:56,532 | DEBUG | __main__ | get_records | Результат: 50 записей, всего 235
2025-11-14 02:40:56,532 | INFO | werkzeug | _log | 127.0.0.1 - - [14/Nov/2025 02:40:56] "GET /api/files/CONTEST-DATA/records?page=1&per_page=50&search=&sort_by=&sort_order=asc HTTP/1.1" 200 -
2025-11-14 02:41:09,194 | INFO | werkzeug | _log |  * Detected change in '/Users/orionflash/Desktop/MyProject/SPOD_PROM/SPOD-cursor-Parce/SPOD_PARCE_LOAD/admin_panel/app.py', reloading
2025-11-14 02:41:09,263 | INFO | werkzeug | _log |  * Restarting with stat
2025-11-14 02:41:09,498 | INFO | __main__ | <module> | Запуск сервера админ-панели...
2025-11-14 02:41:09,498 | INFO | utils.file_manager | create_edit_session | Создание новой сессии: 20251114_0241
2025-11-14 02:41:09,498 | DEBUG | utils.file_manager | create_edit_session | Скопирован файл: CONTEST-DATA (PROM) 2025-11-13 v0.csv
2025-11-14 02:41:09,498 | DEBUG | utils.file_manager | create_edit_session | Скопирован файл: GROUP (PROM) 2025-11-13 v0.csv
2025-11-14 02:41:09,498 | DEBUG | utils.file_manager | create_edit_session | Скопирован файл: INDICATOR (PROM) 2025-11-13 v0.csv
2025-11-14 02:41:09,499 | DEBUG | utils.file_manager | create_edit_session | Скопирован файл: REPORT (PROM-KMKKSB) 2025-11-10 v1 (correct).csv
2025-11-14 02:41:09,500 | DEBUG | utils.file_manager | create_edit_session | Скопирован файл: REWARD (PROM) 2025-11-13 v0.csv
2025-11-14 02:41:09,500 | DEBUG | utils.file_manager | create_edit_session | Скопирован файл: REWARD-LINK (PROM) 2025-11-13 v0.csv
2025-11-14 02:41:09,500 | DEBUG | utils.file_manager | create_edit_session | Скопирован файл: SVD_KB_DM_GAMIFICATION_ORG_UNIT_V20 - 2025.08.28.csv
2025-11-14 02:41:09,500 | DEBUG | utils.file_manager | create_edit_session | Скопирован файл: TOURNAMENT-SCHEDULE (PROM) 2025-11-13 v0.csv
2025-11-14 02:41:09,500 | DEBUG | utils.file_manager | create_edit_session | Скопирован файл: PROM_USER_ROLE 2025-10-31 v1.csv
2025-11-14 02:41:09,501 | DEBUG | utils.file_manager | create_edit_session | Скопирован файл: PROM_USER_ROLE SB 2025-10-31 v1.csv
2025-11-14 02:41:09,501 | DEBUG | utils.file_manager | create_edit_session | Скопирован файл: employee_PROM_final_5000.csv
2025-11-14 02:41:09,501 | INFO | utils.file_manager | create_edit_session | Сессия создана: скопировано 11 файлов из 11
2025-11-14 02:41:09,501 | INFO | __main__ | <module> | Создана новая сессия: 20251114_0241
2025-11-14 02:41:09,501 | INFO | __main__ | <module> | Сервер готов к работе
2025-11-14 02:41:09,517 | WARNING | werkzeug | _log |  * Debugger is active!
2025-11-14 02:41:09,524 | INFO | werkzeug | _log |  * Debugger PIN: 767-849-785
2025-11-14 02:41:14,925 | DEBUG | __main__ | get_records | get_records: file_key=CONTEST-DATA, args={'page': '1', 'per_page': '1'}
2025-11-14 02:41:14,925 | DEBUG | __main__ | get_records | Параметры: page=1, per_page=1, search=, sort_by=None
2025-11-14 02:41:14,925 | DEBUG | utils.data_manager | get_records | get_records: file_key=CONTEST-DATA, page=1, per_page=1
2025-11-14 02:41:14,925 | DEBUG | utils.file_manager | read_csv | read_csv: file_key=CONTEST-DATA
2025-11-14 02:41:14,925 | DEBUG | utils.file_manager | read_csv | Нет текущей сессии, получаем последнюю
2025-11-14 02:41:14,925 | DEBUG | utils.file_manager | read_csv | Текущая сессия: /Users/orionflash/Desktop/MyProject/SPOD_PROM/SPOD-cursor-Parce/SPOD_PARCE_LOAD/EDIT/20251114_0241
2025-11-14 02:41:14,925 | DEBUG | utils.file_manager | read_csv | Имя файла: CONTEST-DATA (PROM) 2025-11-13 v0.csv
2025-11-14 02:41:14,925 | DEBUG | utils.file_manager | read_csv | Путь к файлу: /Users/orionflash/Desktop/MyProject/SPOD_PROM/SPOD-cursor-Parce/SPOD_PARCE_LOAD/EDIT/20251114_0241/CONTEST-DATA (PROM) 2025-11-13 v0.csv
2025-11-14 02:41:14,925 | DEBUG | utils.file_manager | read_csv | Чтение CSV файла: /Users/orionflash/Desktop/MyProject/SPOD_PROM/SPOD-cursor-Parce/SPOD_PARCE_LOAD/EDIT/20251114_0241/CONTEST-DATA (PROM) 2025-11-13 v0.csv
2025-11-14 02:41:14,929 | DEBUG | utils.file_manager | read_csv | Файл прочитан: 235 строк, 25 колонок
2025-11-14 02:41:14,929 | DEBUG | utils.data_manager | get_records | Файл прочитан: 235 строк, 25 колонок
2025-11-14 02:41:14,929 | DEBUG | utils.data_manager | get_records | Всего записей: 235
2025-11-14 02:41:14,929 | DEBUG | utils.data_manager | get_records | Страница 1: строки 0-1
2025-11-14 02:41:14,930 | DEBUG | utils.data_manager | get_records | Конвертировано 1 записей
2025-11-14 02:41:14,930 | DEBUG | __main__ | get_records | Результат: 1 записей, всего 235
2025-11-14 02:41:14,930 | INFO | werkzeug | _log | 127.0.0.1 - - [14/Nov/2025 02:41:14] "GET /api/files/CONTEST-DATA/records?page=1&per_page=1 HTTP/1.1" 200 -
2025-11-14 02:41:15,371 | INFO | werkzeug | _log | 127.0.0.1 - - [14/Nov/2025 02:41:15] "GET / HTTP/1.1" 200 -
2025-11-14 02:41:15,378 | INFO | werkzeug | _log | 127.0.0.1 - - [14/Nov/2025 02:41:15] "[36mGET /static/css/style.css HTTP/1.1[0m" 304 -
2025-11-14 02:41:15,378 | INFO | werkzeug | _log | 127.0.0.1 - - [14/Nov/2025 02:41:15] "[36mGET /static/js/app.js HTTP/1.1[0m" 304 -
2025-11-14 02:41:15,381 | INFO | werkzeug | _log | 127.0.0.1 - - [14/Nov/2025 02:41:15] "GET /api/sessions HTTP/1.1" 200 -
2025-11-14 02:41:15,381 | INFO | werkzeug | _log | 127.0.0.1 - - [14/Nov/2025 02:41:15] "GET /api/files HTTP/1.1" 200 -
2025-11-14 02:41:15,383 | INFO | werkzeug | _log | 127.0.0.1 - - [14/Nov/2025 02:41:15] "GET /api/session/current HTTP/1.1" 200 -
2025-11-14 02:41:15,384 | DEBUG | __main__ | get_records | get_records: file_key=CONTEST-DATA, args={'page': '1', 'per_page': '50', 'search': '', 'sort_by': '', 'sort_order': 'asc'}
2025-11-14 02:41:15,384 | DEBUG | __main__ | get_records | Параметры: page=1, per_page=50, search=, sort_by=
2025-11-14 02:41:15,384 | DEBUG | utils.data_manager | get_records | get_records: file_key=CONTEST-DATA, page=1, per_page=50
2025-11-14 02:41:15,384 | DEBUG | utils.file_manager | read_csv | read_csv: file_key=CONTEST-DATA
2025-11-14 02:41:15,384 | DEBUG | utils.file_manager | read_csv | Текущая сессия: /Users/orionflash/Desktop/MyProject/SPOD_PROM/SPOD-cursor-Parce/SPOD_PARCE_LOAD/EDIT/20251114_0241
2025-11-14 02:41:15,384 | DEBUG | utils.file_manager | read_csv | Имя файла: CONTEST-DATA (PROM) 2025-11-13 v0.csv
2025-11-14 02:41:15,384 | DEBUG | utils.file_manager | read_csv | Путь к файлу: /Users/orionflash/Desktop/MyProject/SPOD_PROM/SPOD-cursor-Parce/SPOD_PARCE_LOAD/EDIT/20251114_0241/CONTEST-DATA (PROM) 2025-11-13 v0.csv
2025-11-14 02:41:15,384 | DEBUG | utils.file_manager | read_csv | Чтение CSV файла: /Users/orionflash/Desktop/MyProject/SPOD_PROM/SPOD-cursor-Parce/SPOD_PARCE_LOAD/EDIT/20251114_0241/CONTEST-DATA (PROM) 2025-11-13 v0.csv
2025-11-14 02:41:15,386 | DEBUG | utils.file_manager | read_csv | Файл прочитан: 235 строк, 25 колонок
2025-11-14 02:41:15,386 | DEBUG | utils.data_manager | get_records | Файл прочитан: 235 строк, 25 колонок
2025-11-14 02:41:15,386 | DEBUG | utils.data_manager | get_records | Всего записей: 235
2025-11-14 02:41:15,386 | DEBUG | utils.data_manager | get_records | Страница 1: строки 0-50
2025-11-14 02:41:15,387 | DEBUG | utils.data_manager | get_records | Конвертировано 50 записей
2025-11-14 02:41:15,387 | DEBUG | __main__ | get_records | Результат: 50 записей, всего 235
2025-11-14 02:41:15,387 | INFO | werkzeug | _log | 127.0.0.1 - - [14/Nov/2025 02:41:15] "GET /api/files/CONTEST-DATA/records?page=1&per_page=50&search=&sort_by=&sort_order=asc HTTP/1.1" 200 -
2025-11-14 02:41:21,738 | DEBUG | __main__ | get_records | get_records: file_key=REWARD, args={'page': '1', 'per_page': '50', 'search': '', 'sort_by': '', 'sort_order': 'asc'}
2025-11-14 02:41:21,739 | DEBUG | __main__ | get_records | Параметры: page=1, per_page=50, search=, sort_by=
2025-11-14 02:41:21,739 | DEBUG | utils.data_manager | get_records | get_records: file_key=REWARD, page=1, per_page=50
2025-11-14 02:41:21,739 | DEBUG | utils.file_manager | read_csv | read_csv: file_key=REWARD
2025-11-14 02:41:21,739 | DEBUG | utils.file_manager | read_csv | Текущая сессия: /Users/orionflash/Desktop/MyProject/SPOD_PROM/SPOD-cursor-Parce/SPOD_PARCE_LOAD/EDIT/20251114_0241
2025-11-14 02:41:21,739 | DEBUG | utils.file_manager | read_csv | Имя файла: REWARD (PROM) 2025-11-13 v0.csv
2025-11-14 02:41:21,740 | DEBUG | utils.file_manager | read_csv | Путь к файлу: /Users/orionflash/Desktop/MyProject/SPOD_PROM/SPOD-cursor-Parce/SPOD_PARCE_LOAD/EDIT/20251114_0241/REWARD (PROM) 2025-11-13 v0.csv
2025-11-14 02:41:21,740 | DEBUG | utils.file_manager | read_csv | Чтение CSV файла: /Users/orionflash/Desktop/MyProject/SPOD_PROM/SPOD-cursor-Parce/SPOD_PARCE_LOAD/EDIT/20251114_0241/REWARD (PROM) 2025-11-13 v0.csv
2025-11-14 02:41:21,748 | DEBUG | utils.file_manager | read_csv | Файл прочитан: 535 строк, 7 колонок
2025-11-14 02:41:21,749 | DEBUG | utils.data_manager | get_records | Файл прочитан: 535 строк, 7 колонок
2025-11-14 02:41:21,749 | DEBUG | utils.data_manager | get_records | Всего записей: 535
2025-11-14 02:41:21,749 | DEBUG | utils.data_manager | get_records | Страница 1: строки 0-50
2025-11-14 02:41:21,750 | DEBUG | utils.data_manager | get_records | Конвертировано 50 записей
2025-11-14 02:41:21,750 | DEBUG | __main__ | get_records | Результат: 50 записей, всего 535
2025-11-14 02:41:21,750 | INFO | werkzeug | _log | 127.0.0.1 - - [14/Nov/2025 02:41:21] "GET /api/files/REWARD/records?page=1&per_page=50&search=&sort_by=&sort_order=asc HTTP/1.1" 200 -
2025-11-14 02:41:22,453 | DEBUG | __main__ | get_records | get_records: file_key=REWARD-LINK, args={'page': '1', 'per_page': '50', 'search': '', 'sort_by': '', 'sort_order': 'asc'}
2025-11-14 02:41:22,453 | DEBUG | __main__ | get_records | Параметры: page=1, per_page=50, search=, sort_by=
2025-11-14 02:41:22,453 | DEBUG | utils.data_manager | get_records | get_records: file_key=REWARD-LINK, page=1, per_page=50
2025-11-14 02:41:22,453 | DEBUG | utils.file_manager | read_csv | read_csv: file_key=REWARD-LINK
2025-11-14 02:41:22,453 | DEBUG | utils.file_manager | read_csv | Текущая сессия: /Users/orionflash/Desktop/MyProject/SPOD_PROM/SPOD-cursor-Parce/SPOD_PARCE_LOAD/EDIT/20251114_0241
2025-11-14 02:41:22,453 | DEBUG | utils.file_manager | read_csv | Имя файла: REWARD-LINK (PROM) 2025-11-13 v0.csv
2025-11-14 02:41:22,453 | DEBUG | utils.file_manager | read_csv | Путь к файлу: /Users/orionflash/Desktop/MyProject/SPOD_PROM/SPOD-cursor-Parce/SPOD_PARCE_LOAD/EDIT/20251114_0241/REWARD-LINK (PROM) 2025-11-13 v0.csv
2025-11-14 02:41:22,453 | DEBUG | utils.file_manager | read_csv | Чтение CSV файла: /Users/orionflash/Desktop/MyProject/SPOD_PROM/SPOD-cursor-Parce/SPOD_PARCE_LOAD/EDIT/20251114_0241/REWARD-LINK (PROM) 2025-11-13 v0.csv
2025-11-14 02:41:22,454 | DEBUG | utils.file_manager | read_csv | Файл прочитан: 465 строк, 3 колонок
2025-11-14 02:41:22,454 | DEBUG | utils.data_manager | get_records | Файл прочитан: 465 строк, 3 колонок
2025-11-14 02:41:22,454 | DEBUG | utils.data_manager | get_records | Всего записей: 465
2025-11-14 02:41:22,454 | DEBUG | utils.data_manager | get_records | Страница 1: строки 0-50
2025-11-14 02:41:22,454 | DEBUG | utils.data_manager | get_records | Конвертировано 50 записей
2025-11-14 02:41:22,454 | DEBUG | __main__ | get_records | Результат: 50 записей, всего 465
2025-11-14 02:41:22,454 | INFO | werkzeug | _log | 127.0.0.1 - - [14/Nov/2025 02:41:22] "GET /api/files/REWARD-LINK/records?page=1&per_page=50&search=&sort_by=&sort_order=asc HTTP/1.1" 200 -
2025-11-14 02:41:24,290 | DEBUG | __main__ | get_record | get_record: file_key=REWARD-LINK, record_id=0
2025-11-14 02:41:24,290 | DEBUG | utils.data_manager | get_record | get_record: file_key=REWARD-LINK, record_id=0
2025-11-14 02:41:24,290 | DEBUG | utils.file_manager | read_csv | read_csv: file_key=REWARD-LINK
2025-11-14 02:41:24,290 | DEBUG | utils.file_manager | read_csv | Текущая сессия: /Users/orionflash/Desktop/MyProject/SPOD_PROM/SPOD-cursor-Parce/SPOD_PARCE_LOAD/EDIT/20251114_0241
2025-11-14 02:41:24,290 | DEBUG | utils.file_manager | read_csv | Имя файла: REWARD-LINK (PROM) 2025-11-13 v0.csv
2025-11-14 02:41:24,290 | DEBUG | utils.file_manager | read_csv | Путь к файлу: /Users/orionflash/Desktop/MyProject/SPOD_PROM/SPOD-cursor-Parce/SPOD_PARCE_LOAD/EDIT/20251114_0241/REWARD-LINK (PROM) 2025-11-13 v0.csv
2025-11-14 02:41:24,290 | DEBUG | utils.file_manager | read_csv | Чтение CSV файла: /Users/orionflash/Desktop/MyProject/SPOD_PROM/SPOD-cursor-Parce/SPOD_PARCE_LOAD/EDIT/20251114_0241/REWARD-LINK (PROM) 2025-11-13 v0.csv
2025-11-14 02:41:24,292 | DEBUG | utils.file_manager | read_csv | Файл прочитан: 465 строк, 3 колонок
2025-11-14 02:41:24,292 | DEBUG | utils.data_manager | get_record | Файл прочитан: 465 строк
2025-11-14 02:41:24,292 | DEBUG | utils.data_manager | get_record | Запись получена: 3 полей
2025-11-14 02:41:24,292 | DEBUG | __main__ | get_record | Запись получена: 3 полей
2025-11-14 02:41:24,292 | INFO | werkzeug | _log | 127.0.0.1 - - [14/Nov/2025 02:41:24] "GET /api/files/REWARD-LINK/records/0 HTTP/1.1" 200 -
2025-11-14 02:41:27,549 | INFO | werkzeug | _log | 127.0.0.1 - - [14/Nov/2025 02:41:27] "GET / HTTP/1.1" 200 -
2025-11-14 02:41:27,553 | INFO | werkzeug | _log | 127.0.0.1 - - [14/Nov/2025 02:41:27] "[36mGET /static/css/style.css HTTP/1.1[0m" 304 -
2025-11-14 02:41:27,555 | INFO | werkzeug | _log | 127.0.0.1 - - [14/Nov/2025 02:41:27] "[36mGET /static/js/app.js HTTP/1.1[0m" 304 -
2025-11-14 02:41:27,558 | INFO | werkzeug | _log | 127.0.0.1 - - [14/Nov/2025 02:41:27] "GET /api/sessions HTTP/1.1" 200 -
2025-11-14 02:41:27,559 | INFO | werkzeug | _log | 127.0.0.1 - - [14/Nov/2025 02:41:27] "GET /api/files HTTP/1.1" 200 -
2025-11-14 02:41:27,561 | INFO | werkzeug | _log | 127.0.0.1 - - [14/Nov/2025 02:41:27] "GET /api/session/current HTTP/1.1" 200 -
2025-11-14 02:41:27,561 | DEBUG | __main__ | get_records | get_records: file_key=CONTEST-DATA, args={'page': '1', 'per_page': '50', 'search': '', 'sort_by': '', 'sort_order': 'asc'}
2025-11-14 02:41:27,561 | DEBUG | __main__ | get_records | Параметры: page=1, per_page=50, search=, sort_by=
2025-11-14 02:41:27,561 | DEBUG | utils.data_manager | get_records | get_records: file_key=CONTEST-DATA, page=1, per_page=50
2025-11-14 02:41:27,561 | DEBUG | utils.file_manager | read_csv | read_csv: file_key=CONTEST-DATA
2025-11-14 02:41:27,561 | DEBUG | utils.file_manager | read_csv | Текущая сессия: /Users/orionflash/Desktop/MyProject/SPOD_PROM/SPOD-cursor-Parce/SPOD_PARCE_LOAD/EDIT/20251114_0241
2025-11-14 02:41:27,561 | DEBUG | utils.file_manager | read_csv | Имя файла: CONTEST-DATA (PROM) 2025-11-13 v0.csv
2025-11-14 02:41:27,561 | DEBUG | utils.file_manager | read_csv | Путь к файлу: /Users/orionflash/Desktop/MyProject/SPOD_PROM/SPOD-cursor-Parce/SPOD_PARCE_LOAD/EDIT/20251114_0241/CONTEST-DATA (PROM) 2025-11-13 v0.csv
2025-11-14 02:41:27,561 | DEBUG | utils.file_manager | read_csv | Чтение CSV файла: /Users/orionflash/Desktop/MyProject/SPOD_PROM/SPOD-cursor-Parce/SPOD_PARCE_LOAD/EDIT/20251114_0241/CONTEST-DATA (PROM) 2025-11-13 v0.csv
2025-11-14 02:41:27,565 | DEBUG | utils.file_manager | read_csv | Файл прочитан: 235 строк, 25 колонок
2025-11-14 02:41:27,565 | DEBUG | utils.data_manager | get_records | Файл прочитан: 235 строк, 25 колонок
2025-11-14 02:41:27,565 | DEBUG | utils.data_manager | get_records | Всего записей: 235
2025-11-14 02:41:27,565 | DEBUG | utils.data_manager | get_records | Страница 1: строки 0-50
2025-11-14 02:41:27,565 | DEBUG | utils.data_manager | get_records | Конвертировано 50 записей
2025-11-14 02:41:27,566 | DEBUG | __main__ | get_records | Результат: 50 записей, всего 235
2025-11-14 02:41:27,566 | INFO | werkzeug | _log | 127.0.0.1 - - [14/Nov/2025 02:41:27] "GET /api/files/CONTEST-DATA/records?page=1&per_page=50&search=&sort_by=&sort_order=asc HTTP/1.1" 200 -
2025-11-14 02:41:49,467 | DEBUG | __main__ | get_records | get_records: file_key=REWARD-LINK, args={'page': '1', 'per_page': '50', 'search': '', 'sort_by': '', 'sort_order': 'asc'}
2025-11-14 02:41:49,468 | DEBUG | __main__ | get_records | Параметры: page=1, per_page=50, search=, sort_by=
2025-11-14 02:41:49,468 | DEBUG | utils.data_manager | get_records | get_records: file_key=REWARD-LINK, page=1, per_page=50
2025-11-14 02:41:49,468 | DEBUG | utils.file_manager | read_csv | read_csv: file_key=REWARD-LINK
2025-11-14 02:41:49,468 | DEBUG | utils.file_manager | read_csv | Текущая сессия: /Users/orionflash/Desktop/MyProject/SPOD_PROM/SPOD-cursor-Parce/SPOD_PARCE_LOAD/EDIT/20251114_0241
2025-11-14 02:41:49,468 | DEBUG | utils.file_manager | read_csv | Имя файла: REWARD-LINK (PROM) 2025-11-13 v0.csv
2025-11-14 02:41:49,468 | DEBUG | utils.file_manager | read_csv | Путь к файлу: /Users/orionflash/Desktop/MyProject/SPOD_PROM/SPOD-cursor-Parce/SPOD_PARCE_LOAD/EDIT/20251114_0241/REWARD-LINK (PROM) 2025-11-13 v0.csv
2025-11-14 02:41:49,468 | DEBUG | utils.file_manager | read_csv | Чтение CSV файла: /Users/orionflash/Desktop/MyProject/SPOD_PROM/SPOD-cursor-Parce/SPOD_PARCE_LOAD/EDIT/20251114_0241/REWARD-LINK (PROM) 2025-11-13 v0.csv
2025-11-14 02:41:49,471 | DEBUG | utils.file_manager | read_csv | Файл прочитан: 465 строк, 3 колонок
2025-11-14 02:41:49,471 | DEBUG | utils.data_manager | get_records | Файл прочитан: 465 строк, 3 колонок
2025-11-14 02:41:49,472 | DEBUG | utils.data_manager | get_records | Всего записей: 465
2025-11-14 02:41:49,472 | DEBUG | utils.data_manager | get_records | Страница 1: строки 0-50
2025-11-14 02:41:49,472 | DEBUG | utils.data_manager | get_records | Конвертировано 50 записей
2025-11-14 02:41:49,472 | DEBUG | __main__ | get_records | Результат: 50 записей, всего 465
2025-11-14 02:41:49,473 | INFO | werkzeug | _log | 127.0.0.1 - - [14/Nov/2025 02:41:49] "GET /api/files/REWARD-LINK/records?page=1&per_page=50&search=&sort_by=&sort_order=asc HTTP/1.1" 200 -
2025-11-14 02:41:50,888 | DEBUG | __main__ | get_record | get_record: file_key=REWARD-LINK, record_id=0
2025-11-14 02:41:50,888 | DEBUG | utils.data_manager | get_record | get_record: file_key=REWARD-LINK, record_id=0
2025-11-14 02:41:50,888 | DEBUG | utils.file_manager | read_csv | read_csv: file_key=REWARD-LINK
2025-11-14 02:41:50,888 | DEBUG | utils.file_manager | read_csv | Текущая сессия: /Users/orionflash/Desktop/MyProject/SPOD_PROM/SPOD-cursor-Parce/SPOD_PARCE_LOAD/EDIT/20251114_0241
2025-11-14 02:41:50,888 | DEBUG | utils.file_manager | read_csv | Имя файла: REWARD-LINK (PROM) 2025-11-13 v0.csv
2025-11-14 02:41:50,888 | DEBUG | utils.file_manager | read_csv | Путь к файлу: /Users/orionflash/Desktop/MyProject/SPOD_PROM/SPOD-cursor-Parce/SPOD_PARCE_LOAD/EDIT/20251114_0241/REWARD-LINK (PROM) 2025-11-13 v0.csv
2025-11-14 02:41:50,888 | DEBUG | utils.file_manager | read_csv | Чтение CSV файла: /Users/orionflash/Desktop/MyProject/SPOD_PROM/SPOD-cursor-Parce/SPOD_PARCE_LOAD/EDIT/20251114_0241/REWARD-LINK (PROM) 2025-11-13 v0.csv
2025-11-14 02:41:50,891 | DEBUG | utils.file_manager | read_csv | Файл прочитан: 465 строк, 3 колонок
2025-11-14 02:41:50,891 | DEBUG | utils.data_manager | get_record | Файл прочитан: 465 строк
2025-11-14 02:41:50,892 | DEBUG | utils.data_manager | get_record | Запись получена: 3 полей
2025-11-14 02:41:50,892 | DEBUG | __main__ | get_record | Запись получена: 3 полей
2025-11-14 02:41:50,892 | INFO | werkzeug | _log | 127.0.0.1 - - [14/Nov/2025 02:41:50] "GET /api/files/REWARD-LINK/records/0 HTTP/1.1" 200 -
2025-11-14 02:42:11,086 | DEBUG | __main__ | get_records | get_records: file_key=REWARD-LINK, args={'page': '1', 'per_page': '50', 'search': '', 'sort_by': '', 'sort_order': 'asc'}
2025-11-14 02:42:11,087 | DEBUG | __main__ | get_records | Параметры: page=1, per_page=50, search=, sort_by=
2025-11-14 02:42:11,087 | DEBUG | utils.data_manager | get_records | get_records: file_key=REWARD-LINK, page=1, per_page=50
2025-11-14 02:42:11,087 | DEBUG | utils.file_manager | read_csv | read_csv: file_key=REWARD-LINK
2025-11-14 02:42:11,087 | DEBUG | utils.file_manager | read_csv | Текущая сессия: /Users/orionflash/Desktop/MyProject/SPOD_PROM/SPOD-cursor-Parce/SPOD_PARCE_LOAD/EDIT/20251114_0241
2025-11-14 02:42:11,087 | DEBUG | utils.file_manager | read_csv | Имя файла: REWARD-LINK (PROM) 2025-11-13 v0.csv
2025-11-14 02:42:11,087 | DEBUG | utils.file_manager | read_csv | Путь к файлу: /Users/orionflash/Desktop/MyProject/SPOD_PROM/SPOD-cursor-Parce/SPOD_PARCE_LOAD/EDIT/20251114_0241/REWARD-LINK (PROM) 2025-11-13 v0.csv
2025-11-14 02:42:11,087 | DEBUG | utils.file_manager | read_csv | Чтение CSV файла: /Users/orionflash/Desktop/MyProject/SPOD_PROM/SPOD-cursor-Parce/SPOD_PARCE_LOAD/EDIT/20251114_0241/REWARD-LINK (PROM) 2025-11-13 v0.csv
2025-11-14 02:42:11,090 | DEBUG | utils.file_manager | read_csv | Файл прочитан: 465 строк, 3 колонок
2025-11-14 02:42:11,090 | DEBUG | utils.data_manager | get_records | Файл прочитан: 465 строк, 3 колонок
2025-11-14 02:42:11,090 | DEBUG | utils.data_manager | get_records | Всего записей: 465
2025-11-14 02:42:11,090 | DEBUG | utils.data_manager | get_records | Страница 1: строки 0-50
2025-11-14 02:42:11,091 | DEBUG | utils.data_manager | get_records | Конвертировано 50 записей
2025-11-14 02:42:11,091 | DEBUG | __main__ | get_records | Результат: 50 записей, всего 465
2025-11-14 02:42:11,092 | INFO | werkzeug | _log | 127.0.0.1 - - [14/Nov/2025 02:42:11] "GET /api/files/REWARD-LINK/records?page=1&per_page=50&search=&sort_by=&sort_order=asc HTTP/1.1" 200 -
2025-11-14 02:42:57,408 | DEBUG | __main__ | get_records | get_records: file_key=REWARD-LINK, args={'page': '1', 'per_page': '50', 'search': '', 'sort_by': 'CONTEST_CODE', 'sort_order': 'asc'}
2025-11-14 02:42:57,408 | DEBUG | __main__ | get_records | Параметры: page=1, per_page=50, search=, sort_by=CONTEST_CODE
2025-11-14 02:42:57,408 | DEBUG | utils.data_manager | get_records | get_records: file_key=REWARD-LINK, page=1, per_page=50
2025-11-14 02:42:57,408 | DEBUG | utils.file_manager | read_csv | read_csv: file_key=REWARD-LINK
2025-11-14 02:42:57,408 | DEBUG | utils.file_manager | read_csv | Текущая сессия: /Users/orionflash/Desktop/MyProject/SPOD_PROM/SPOD-cursor-Parce/SPOD_PARCE_LOAD/EDIT/20251114_0241
2025-11-14 02:42:57,408 | DEBUG | utils.file_manager | read_csv | Имя файла: REWARD-LINK (PROM) 2025-11-13 v0.csv
2025-11-14 02:42:57,408 | DEBUG | utils.file_manager | read_csv | Путь к файлу: /Users/orionflash/Desktop/MyProject/SPOD_PROM/SPOD-cursor-Parce/SPOD_PARCE_LOAD/EDIT/20251114_0241/REWARD-LINK (PROM) 2025-11-13 v0.csv
2025-11-14 02:42:57,408 | DEBUG | utils.file_manager | read_csv | Чтение CSV файла: /Users/orionflash/Desktop/MyProject/SPOD_PROM/SPOD-cursor-Parce/SPOD_PARCE_LOAD/EDIT/20251114_0241/REWARD-LINK (PROM) 2025-11-13 v0.csv
2025-11-14 02:42:57,409 | DEBUG | utils.file_manager | read_csv | Файл прочитан: 465 строк, 3 колонок
2025-11-14 02:42:57,409 | DEBUG | utils.data_manager | get_records | Файл прочитан: 465 строк, 3 колонок
2025-11-14 02:42:57,410 | DEBUG | utils.data_manager | get_records | Сортировка: CONTEST_CODE asc
2025-11-14 02:42:57,411 | DEBUG | utils.data_manager | get_records | Всего записей: 465
2025-11-14 02:42:57,411 | DEBUG | utils.data_manager | get_records | Страница 1: строки 0-50
2025-11-14 02:42:57,412 | DEBUG | utils.data_manager | get_records | Конвертировано 50 записей
2025-11-14 02:42:57,412 | DEBUG | __main__ | get_records | Результат: 50 записей, всего 465
2025-11-14 02:42:57,412 | INFO | werkzeug | _log | 127.0.0.1 - - [14/Nov/2025 02:42:57] "GET /api/files/REWARD-LINK/records?page=1&per_page=50&search=&sort_by=CONTEST_CODE&sort_order=asc HTTP/1.1" 200 -
2025-11-14 02:42:59,567 | DEBUG | __main__ | get_records | get_records: file_key=REWARD-LINK, args={'page': '1', 'per_page': '50', 'search': '', 'sort_by': 'GROUP_CODE', 'sort_order': 'asc'}
2025-11-14 02:42:59,567 | DEBUG | __main__ | get_records | Параметры: page=1, per_page=50, search=, sort_by=GROUP_CODE
2025-11-14 02:42:59,567 | DEBUG | utils.data_manager | get_records | get_records: file_key=REWARD-LINK, page=1, per_page=50
2025-11-14 02:42:59,567 | DEBUG | utils.file_manager | read_csv | read_csv: file_key=REWARD-LINK
2025-11-14 02:42:59,568 | DEBUG | utils.file_manager | read_csv | Текущая сессия: /Users/orionflash/Desktop/MyProject/SPOD_PROM/SPOD-cursor-Parce/SPOD_PARCE_LOAD/EDIT/20251114_0241
2025-11-14 02:42:59,568 | DEBUG | utils.file_manager | read_csv | Имя файла: REWARD-LINK (PROM) 2025-11-13 v0.csv
2025-11-14 02:42:59,568 | DEBUG | utils.file_manager | read_csv | Путь к файлу: /Users/orionflash/Desktop/MyProject/SPOD_PROM/SPOD-cursor-Parce/SPOD_PARCE_LOAD/EDIT/20251114_0241/REWARD-LINK (PROM) 2025-11-13 v0.csv
2025-11-14 02:42:59,568 | DEBUG | utils.file_manager | read_csv | Чтение CSV файла: /Users/orionflash/Desktop/MyProject/SPOD_PROM/SPOD-cursor-Parce/SPOD_PARCE_LOAD/EDIT/20251114_0241/REWARD-LINK (PROM) 2025-11-13 v0.csv
2025-11-14 02:42:59,570 | DEBUG | utils.file_manager | read_csv | Файл прочитан: 465 строк, 3 колонок
2025-11-14 02:42:59,570 | DEBUG | utils.data_manager | get_records | Файл прочитан: 465 строк, 3 колонок
2025-11-14 02:42:59,571 | DEBUG | utils.data_manager | get_records | Сортировка: GROUP_CODE asc
2025-11-14 02:42:59,571 | DEBUG | utils.data_manager | get_records | Всего записей: 465
2025-11-14 02:42:59,571 | DEBUG | utils.data_manager | get_records | Страница 1: строки 0-50
2025-11-14 02:42:59,572 | DEBUG | utils.data_manager | get_records | Конвертировано 50 записей
2025-11-14 02:42:59,572 | DEBUG | __main__ | get_records | Результат: 50 записей, всего 465
2025-11-14 02:42:59,572 | INFO | werkzeug | _log | 127.0.0.1 - - [14/Nov/2025 02:42:59] "GET /api/files/REWARD-LINK/records?page=1&per_page=50&search=&sort_by=GROUP_CODE&sort_order=asc HTTP/1.1" 200 -
2025-11-14 02:43:03,030 | DEBUG | __main__ | get_records | get_records: file_key=REWARD-LINK, args={'page': '1', 'per_page': '50', 'search': '', 'sort_by': 'REWARD_CODE', 'sort_order': 'asc'}
2025-11-14 02:43:03,030 | DEBUG | __main__ | get_records | Параметры: page=1, per_page=50, search=, sort_by=REWARD_CODE
2025-11-14 02:43:03,030 | DEBUG | utils.data_manager | get_records | get_records: file_key=REWARD-LINK, page=1, per_page=50
2025-11-14 02:43:03,030 | DEBUG | utils.file_manager | read_csv | read_csv: file_key=REWARD-LINK
2025-11-14 02:43:03,030 | DEBUG | utils.file_manager | read_csv | Текущая сессия: /Users/orionflash/Desktop/MyProject/SPOD_PROM/SPOD-cursor-Parce/SPOD_PARCE_LOAD/EDIT/20251114_0241
2025-11-14 02:43:03,030 | DEBUG | utils.file_manager | read_csv | Имя файла: REWARD-LINK (PROM) 2025-11-13 v0.csv
2025-11-14 02:43:03,030 | DEBUG | utils.file_manager | read_csv | Путь к файлу: /Users/orionflash/Desktop/MyProject/SPOD_PROM/SPOD-cursor-Parce/SPOD_PARCE_LOAD/EDIT/20251114_0241/REWARD-LINK (PROM) 2025-11-13 v0.csv
2025-11-14 02:43:03,030 | DEBUG | utils.file_manager | read_csv | Чтение CSV файла: /Users/orionflash/Desktop/MyProject/SPOD_PROM/SPOD-cursor-Parce/SPOD_PARCE_LOAD/EDIT/20251114_0241/REWARD-LINK (PROM) 2025-11-13 v0.csv
2025-11-14 02:43:03,032 | DEBUG | utils.file_manager | read_csv | Файл прочитан: 465 строк, 3 колонок
2025-11-14 02:43:03,033 | DEBUG | utils.data_manager | get_records | Файл прочитан: 465 строк, 3 колонок
2025-11-14 02:43:03,033 | DEBUG | utils.data_manager | get_records | Сортировка: REWARD_CODE asc
2025-11-14 02:43:03,033 | DEBUG | utils.data_manager | get_records | Всего записей: 465
2025-11-14 02:43:03,033 | DEBUG | utils.data_manager | get_records | Страница 1: строки 0-50
2025-11-14 02:43:03,034 | DEBUG | utils.data_manager | get_records | Конвертировано 50 записей
2025-11-14 02:43:03,034 | DEBUG | __main__ | get_records | Результат: 50 записей, всего 465
2025-11-14 02:43:03,034 | INFO | werkzeug | _log | 127.0.0.1 - - [14/Nov/2025 02:43:03] "GET /api/files/REWARD-LINK/records?page=1&per_page=50&search=&sort_by=REWARD_CODE&sort_order=asc HTTP/1.1" 200 -
2025-11-14 02:43:06,911 | DEBUG | __main__ | get_record | get_record: file_key=REWARD-LINK, record_id=0
2025-11-14 02:43:06,912 | DEBUG | utils.data_manager | get_record | get_record: file_key=REWARD-LINK, record_id=0
2025-11-14 02:43:06,912 | DEBUG | utils.file_manager | read_csv | read_csv: file_key=REWARD-LINK
2025-11-14 02:43:06,912 | DEBUG | utils.file_manager | read_csv | Текущая сессия: /Users/orionflash/Desktop/MyProject/SPOD_PROM/SPOD-cursor-Parce/SPOD_PARCE_LOAD/EDIT/20251114_0241
2025-11-14 02:43:06,912 | DEBUG | utils.file_manager | read_csv | Имя файла: REWARD-LINK (PROM) 2025-11-13 v0.csv
2025-11-14 02:43:06,912 | DEBUG | utils.file_manager | read_csv | Путь к файлу: /Users/orionflash/Desktop/MyProject/SPOD_PROM/SPOD-cursor-Parce/SPOD_PARCE_LOAD/EDIT/20251114_0241/REWARD-LINK (PROM) 2025-11-13 v0.csv
2025-11-14 02:43:06,912 | DEBUG | utils.file_manager | read_csv | Чтение CSV файла: /Users/orionflash/Desktop/MyProject/SPOD_PROM/SPOD-cursor-Parce/SPOD_PARCE_LOAD/EDIT/20251114_0241/REWARD-LINK (PROM) 2025-11-13 v0.csv
2025-11-14 02:43:06,915 | DEBUG | utils.file_manager | read_csv | Файл прочитан: 465 строк, 3 колонок
2025-11-14 02:43:06,915 | DEBUG | utils.data_manager | get_record | Файл прочитан: 465 строк
2025-11-14 02:43:06,916 | DEBUG | utils.data_manager | get_record | Запись получена: 3 полей
2025-11-14 02:43:06,916 | DEBUG | __main__ | get_record | Запись получена: 3 полей
2025-11-14 02:43:06,916 | INFO | werkzeug | _log | 127.0.0.1 - - [14/Nov/2025 02:43:06] "GET /api/files/REWARD-LINK/records/0 HTTP/1.1" 200 -
2025-11-14 02:43:35,846 | DEBUG | __main__ | get_records | get_records: file_key=USER_ROLE, args={'page': '1', 'per_page': '50', 'search': '', 'sort_by': '', 'sort_order': 'asc'}
2025-11-14 02:43:35,846 | DEBUG | __main__ | get_records | Параметры: page=1, per_page=50, search=, sort_by=
2025-11-14 02:43:35,846 | DEBUG | utils.data_manager | get_records | get_records: file_key=USER_ROLE, page=1, per_page=50
2025-11-14 02:43:35,846 | DEBUG | utils.file_manager | read_csv | read_csv: file_key=USER_ROLE
2025-11-14 02:43:35,846 | DEBUG | utils.file_manager | read_csv | Текущая сессия: /Users/orionflash/Desktop/MyProject/SPOD_PROM/SPOD-cursor-Parce/SPOD_PARCE_LOAD/EDIT/20251114_0241
2025-11-14 02:43:35,846 | DEBUG | utils.file_manager | read_csv | Имя файла: PROM_USER_ROLE 2025-10-31 v1.csv
2025-11-14 02:43:35,846 | DEBUG | utils.file_manager | read_csv | Путь к файлу: /Users/orionflash/Desktop/MyProject/SPOD_PROM/SPOD-cursor-Parce/SPOD_PARCE_LOAD/EDIT/20251114_0241/PROM_USER_ROLE 2025-10-31 v1.csv
2025-11-14 02:43:35,846 | DEBUG | utils.file_manager | read_csv | Чтение CSV файла: /Users/orionflash/Desktop/MyProject/SPOD_PROM/SPOD-cursor-Parce/SPOD_PARCE_LOAD/EDIT/20251114_0241/PROM_USER_ROLE 2025-10-31 v1.csv
2025-11-14 02:43:35,847 | DEBUG | utils.file_manager | read_csv | Файл прочитан: 174 строк, 13 колонок
2025-11-14 02:43:35,848 | DEBUG | utils.data_manager | get_records | Файл прочитан: 174 строк, 13 колонок
2025-11-14 02:43:35,848 | DEBUG | utils.data_manager | get_records | Всего записей: 174
2025-11-14 02:43:35,848 | DEBUG | utils.data_manager | get_records | Страница 1: строки 0-50
2025-11-14 02:43:35,848 | DEBUG | utils.data_manager | get_records | Конвертировано 50 записей
2025-11-14 02:43:35,848 | DEBUG | __main__ | get_records | Результат: 50 записей, всего 174
2025-11-14 02:43:35,848 | INFO | werkzeug | _log | 127.0.0.1 - - [14/Nov/2025 02:43:35] "GET /api/files/USER_ROLE/records?page=1&per_page=50&search=&sort_by=&sort_order=asc HTTP/1.1" 200 -
2025-11-14 02:43:38,516 | INFO | werkzeug | _log | 127.0.0.1 - - [14/Nov/2025 02:43:38] "[33mGET /api/files/USER_ROLE/records/0/json/BUSINESS_BLOCK HTTP/1.1[0m" 404 -
2025-11-14 02:43:42,598 | DEBUG | __main__ | get_record | get_record: file_key=USER_ROLE, record_id=0
2025-11-14 02:43:42,599 | DEBUG | utils.data_manager | get_record | get_record: file_key=USER_ROLE, record_id=0
2025-11-14 02:43:42,599 | DEBUG | utils.file_manager | read_csv | read_csv: file_key=USER_ROLE
2025-11-14 02:43:42,599 | DEBUG | utils.file_manager | read_csv | Текущая сессия: /Users/orionflash/Desktop/MyProject/SPOD_PROM/SPOD-cursor-Parce/SPOD_PARCE_LOAD/EDIT/20251114_0241
2025-11-14 02:43:42,599 | DEBUG | utils.file_manager | read_csv | Имя файла: PROM_USER_ROLE 2025-10-31 v1.csv
2025-11-14 02:43:42,599 | DEBUG | utils.file_manager | read_csv | Путь к файлу: /Users/orionflash/Desktop/MyProject/SPOD_PROM/SPOD-cursor-Parce/SPOD_PARCE_LOAD/EDIT/20251114_0241/PROM_USER_ROLE 2025-10-31 v1.csv
2025-11-14 02:43:42,599 | DEBUG | utils.file_manager | read_csv | Чтение CSV файла: /Users/orionflash/Desktop/MyProject/SPOD_PROM/SPOD-cursor-Parce/SPOD_PARCE_LOAD/EDIT/20251114_0241/PROM_USER_ROLE 2025-10-31 v1.csv
2025-11-14 02:43:42,603 | DEBUG | utils.file_manager | read_csv | Файл прочитан: 174 строк, 13 колонок
2025-11-14 02:43:42,603 | DEBUG | utils.data_manager | get_record | Файл прочитан: 174 строк
2025-11-14 02:43:42,604 | DEBUG | utils.data_manager | get_record | Запись получена: 13 полей
2025-11-14 02:43:42,604 | DEBUG | __main__ | get_record | Запись получена: 13 полей
2025-11-14 02:43:42,604 | INFO | werkzeug | _log | 127.0.0.1 - - [14/Nov/2025 02:43:42] "GET /api/files/USER_ROLE/records/0 HTTP/1.1" 200 -
2025-11-14 02:43:46,554 | DEBUG | __main__ | get_record | get_record: file_key=USER_ROLE, record_id=3
2025-11-14 02:43:46,554 | DEBUG | utils.data_manager | get_record | get_record: file_key=USER_ROLE, record_id=3
2025-11-14 02:43:46,554 | DEBUG | utils.file_manager | read_csv | read_csv: file_key=USER_ROLE
2025-11-14 02:43:46,554 | DEBUG | utils.file_manager | read_csv | Текущая сессия: /Users/orionflash/Desktop/MyProject/SPOD_PROM/SPOD-cursor-Parce/SPOD_PARCE_LOAD/EDIT/20251114_0241
2025-11-14 02:43:46,555 | DEBUG | utils.file_manager | read_csv | Имя файла: PROM_USER_ROLE 2025-10-31 v1.csv
2025-11-14 02:43:46,555 | DEBUG | utils.file_manager | read_csv | Путь к файлу: /Users/orionflash/Desktop/MyProject/SPOD_PROM/SPOD-cursor-Parce/SPOD_PARCE_LOAD/EDIT/20251114_0241/PROM_USER_ROLE 2025-10-31 v1.csv
2025-11-14 02:43:46,555 | DEBUG | utils.file_manager | read_csv | Чтение CSV файла: /Users/orionflash/Desktop/MyProject/SPOD_PROM/SPOD-cursor-Parce/SPOD_PARCE_LOAD/EDIT/20251114_0241/PROM_USER_ROLE 2025-10-31 v1.csv
2025-11-14 02:43:46,559 | DEBUG | utils.file_manager | read_csv | Файл прочитан: 174 строк, 13 колонок
2025-11-14 02:43:46,559 | DEBUG | utils.data_manager | get_record | Файл прочитан: 174 строк
2025-11-14 02:43:46,559 | DEBUG | utils.data_manager | get_record | Запись получена: 13 полей
2025-11-14 02:43:46,559 | DEBUG | __main__ | get_record | Запись получена: 13 полей
2025-11-14 02:43:46,560 | INFO | werkzeug | _log | 127.0.0.1 - - [14/Nov/2025 02:43:46] "GET /api/files/USER_ROLE/records/3 HTTP/1.1" 200 -
2025-11-14 02:43:49,681 | DEBUG | __main__ | get_records | get_records: file_key=TOURNAMENT-SCHEDULE, args={'page': '1', 'per_page': '50', 'search': '', 'sort_by': '', 'sort_order': 'asc'}
2025-11-14 02:43:49,681 | DEBUG | __main__ | get_records | Параметры: page=1, per_page=50, search=, sort_by=
2025-11-14 02:43:49,682 | DEBUG | utils.data_manager | get_records | get_records: file_key=TOURNAMENT-SCHEDULE, page=1, per_page=50
2025-11-14 02:43:49,682 | DEBUG | utils.file_manager | read_csv | read_csv: file_key=TOURNAMENT-SCHEDULE
2025-11-14 02:43:49,682 | DEBUG | utils.file_manager | read_csv | Текущая сессия: /Users/orionflash/Desktop/MyProject/SPOD_PROM/SPOD-cursor-Parce/SPOD_PARCE_LOAD/EDIT/20251114_0241
2025-11-14 02:43:49,682 | DEBUG | utils.file_manager | read_csv | Имя файла: TOURNAMENT-SCHEDULE (PROM) 2025-11-13 v0.csv
2025-11-14 02:43:49,682 | DEBUG | utils.file_manager | read_csv | Путь к файлу: /Users/orionflash/Desktop/MyProject/SPOD_PROM/SPOD-cursor-Parce/SPOD_PARCE_LOAD/EDIT/20251114_0241/TOURNAMENT-SCHEDULE (PROM) 2025-11-13 v0.csv
2025-11-14 02:43:49,682 | DEBUG | utils.file_manager | read_csv | Чтение CSV файла: /Users/orionflash/Desktop/MyProject/SPOD_PROM/SPOD-cursor-Parce/SPOD_PARCE_LOAD/EDIT/20251114_0241/TOURNAMENT-SCHEDULE (PROM) 2025-11-13 v0.csv
2025-11-14 02:43:49,687 | DEBUG | utils.file_manager | read_csv | Файл прочитан: 455 строк, 15 колонок
2025-11-14 02:43:49,688 | DEBUG | utils.data_manager | get_records | Файл прочитан: 455 строк, 15 колонок
2025-11-14 02:43:49,688 | DEBUG | utils.data_manager | get_records | Всего записей: 455
2025-11-14 02:43:49,688 | DEBUG | utils.data_manager | get_records | Страница 1: строки 0-50
2025-11-14 02:43:49,689 | DEBUG | utils.data_manager | get_records | Конвертировано 50 записей
2025-11-14 02:43:49,689 | DEBUG | __main__ | get_records | Результат: 50 записей, всего 455
2025-11-14 02:43:49,690 | INFO | werkzeug | _log | 127.0.0.1 - - [14/Nov/2025 02:43:49] "GET /api/files/TOURNAMENT-SCHEDULE/records?page=1&per_page=50&search=&sort_by=&sort_order=asc HTTP/1.1" 200 -
2025-11-14 02:43:52,162 | DEBUG | __main__ | get_record | get_record: file_key=TOURNAMENT-SCHEDULE, record_id=0
2025-11-14 02:43:52,163 | DEBUG | utils.data_manager | get_record | get_record: file_key=TOURNAMENT-SCHEDULE, record_id=0
2025-11-14 02:43:52,163 | DEBUG | utils.file_manager | read_csv | read_csv: file_key=TOURNAMENT-SCHEDULE
2025-11-14 02:43:52,163 | DEBUG | utils.file_manager | read_csv | Текущая сессия: /Users/orionflash/Desktop/MyProject/SPOD_PROM/SPOD-cursor-Parce/SPOD_PARCE_LOAD/EDIT/20251114_0241
2025-11-14 02:43:52,163 | DEBUG | utils.file_manager | read_csv | Имя файла: TOURNAMENT-SCHEDULE (PROM) 2025-11-13 v0.csv
2025-11-14 02:43:52,163 | DEBUG | utils.file_manager | read_csv | Путь к файлу: /Users/orionflash/Desktop/MyProject/SPOD_PROM/SPOD-cursor-Parce/SPOD_PARCE_LOAD/EDIT/20251114_0241/TOURNAMENT-SCHEDULE (PROM) 2025-11-13 v0.csv
2025-11-14 02:43:52,163 | DEBUG | utils.file_manager | read_csv | Чтение CSV файла: /Users/orionflash/Desktop/MyProject/SPOD_PROM/SPOD-cursor-Parce/SPOD_PARCE_LOAD/EDIT/20251114_0241/TOURNAMENT-SCHEDULE (PROM) 2025-11-13 v0.csv
2025-11-14 02:43:52,168 | DEBUG | utils.file_manager | read_csv | Файл прочитан: 455 строк, 15 колонок
2025-11-14 02:43:52,168 | DEBUG | utils.data_manager | get_record | Файл прочитан: 455 строк
2025-11-14 02:43:52,169 | DEBUG | utils.data_manager | get_record | Запись получена: 15 полей
2025-11-14 02:43:52,169 | DEBUG | __main__ | get_record | Запись получена: 15 полей
2025-11-14 02:43:52,169 | INFO | werkzeug | _log | 127.0.0.1 - - [14/Nov/2025 02:43:52] "GET /api/files/TOURNAMENT-SCHEDULE/records/0 HTTP/1.1" 200 -
2025-11-14 02:44:04,521 | INFO | werkzeug | _log | 127.0.0.1 - - [14/Nov/2025 02:44:04] "GET / HTTP/1.1" 200 -
2025-11-14 02:44:04,823 | INFO | werkzeug | _log | 127.0.0.1 - - [14/Nov/2025 02:44:04] "[36mGET /static/css/style.css HTTP/1.1[0m" 304 -
2025-11-14 02:44:04,825 | INFO | werkzeug | _log | 127.0.0.1 - - [14/Nov/2025 02:44:04] "GET /static/js/app.js HTTP/1.1" 200 -
2025-11-14 02:44:35,638 | INFO | werkzeug | _log | 127.0.0.1 - - [14/Nov/2025 02:44:35] "GET / HTTP/1.1" 200 -
2025-11-14 02:44:35,642 | INFO | werkzeug | _log | 127.0.0.1 - - [14/Nov/2025 02:44:35] "[36mGET /static/css/style.css HTTP/1.1[0m" 304 -
2025-11-14 02:44:35,643 | INFO | werkzeug | _log | 127.0.0.1 - - [14/Nov/2025 02:44:35] "GET /static/js/app.js HTTP/1.1" 200 -
2025-11-14 02:45:09,265 | INFO | werkzeug | _log | 127.0.0.1 - - [14/Nov/2025 02:45:09] "GET / HTTP/1.1" 200 -
2025-11-14 02:45:09,272 | INFO | werkzeug | _log | 127.0.0.1 - - [14/Nov/2025 02:45:09] "[36mGET /static/css/style.css HTTP/1.1[0m" 304 -
2025-11-14 02:45:09,273 | INFO | werkzeug | _log | 127.0.0.1 - - [14/Nov/2025 02:45:09] "GET /static/js/app.js HTTP/1.1" 200 -
2025-11-14 02:46:27,842 | INFO | werkzeug | _log | 127.0.0.1 - - [14/Nov/2025 02:46:27] "GET / HTTP/1.1" 200 -
2025-11-14 02:46:27,849 | INFO | werkzeug | _log | 127.0.0.1 - - [14/Nov/2025 02:46:27] "[36mGET /static/css/style.css HTTP/1.1[0m" 304 -
2025-11-14 02:46:27,850 | INFO | werkzeug | _log | 127.0.0.1 - - [14/Nov/2025 02:46:27] "GET /static/js/app.js HTTP/1.1" 200 -
2025-11-14 02:46:48,172 | INFO | werkzeug | _log | 127.0.0.1 - - [14/Nov/2025 02:46:48] "GET / HTTP/1.1" 200 -
2025-11-14 02:46:48,180 | INFO | werkzeug | _log | 127.0.0.1 - - [14/Nov/2025 02:46:48] "[36mGET /static/css/style.css HTTP/1.1[0m" 304 -
2025-11-14 02:46:48,181 | INFO | werkzeug | _log | 127.0.0.1 - - [14/Nov/2025 02:46:48] "GET /static/js/app.js HTTP/1.1" 200 -
2025-11-14 02:46:55,758 | INFO | werkzeug | _log | 127.0.0.1 - - [14/Nov/2025 02:46:55] "GET /api/files HTTP/1.1" 200 -
2025-11-14 02:47:39,589 | INFO | werkzeug | _log |  * Detected change in '/Users/orionflash/Desktop/MyProject/SPOD_PROM/SPOD-cursor-Parce/SPOD_PARCE_LOAD/admin_panel/app.py', reloading
2025-11-14 02:47:39,659 | INFO | werkzeug | _log |  * Restarting with stat
2025-11-14 02:47:39,859 | INFO | __main__ | <module> | Запуск сервера админ-панели...
2025-11-14 02:47:39,859 | ERROR | __main__ | <module> | Ошибка создания сессии: name 'session_path' is not defined
Traceback (most recent call last):
  File "/Users/orionflash/Desktop/MyProject/SPOD_PROM/SPOD-cursor-Parce/SPOD_PARCE_LOAD/admin_panel/app.py", line 291, in <module>
    session_name = os.path.basename(session_path)
                                    ^^^^^^^^^^^^
NameError: name 'session_path' is not defined
