2025-11-12 00:28:55,266 | INFO | === Старт работы программы: 2025-11-12 00:28:55 ===
2025-11-12 00:28:55,267 | INFO | Загрузка файла: /Users/orionflash/Desktop/MyProject/SPOD_PROM/SPOD-cursor-Parce/SPOD_PARCE_LOAD/SPOD/CONTEST-DATA (PROM) 2025-11-11 v3.csv
2025-11-12 00:28:55,267 | INFO | [START] read_csv_file (/Users/orionflash/Desktop/MyProject/SPOD_PROM/SPOD-cursor-Parce/SPOD_PARCE_LOAD/SPOD/CONTEST-DATA (PROM) 2025-11-11 v3.csv)
2025-11-12 00:28:55,274 | INFO | Файл успешно загружен: /Users/orionflash/Desktop/MyProject/SPOD_PROM/SPOD-cursor-Parce/SPOD_PARCE_LOAD/SPOD/CONTEST-DATA (PROM) 2025-11-11 v3.csv, строк: 260, колонок: 25
2025-11-12 00:28:55,274 | INFO | [END] read_csv_file (/Users/orionflash/Desktop/MyProject/SPOD_PROM/SPOD-cursor-Parce/SPOD_PARCE_LOAD/SPOD/CONTEST-DATA (PROM) 2025-11-11 v3.csv) (время: 0.007s)
2025-11-12 00:28:55,274 | INFO | [START] flatten_json_column_recursive (лист: CONTEST-DATA, колонка: CONTEST_FEATURE)
2025-11-12 00:28:55,289 | INFO | [CONTEST_FEATURE] Исходная колонка восстановлена с тройными кавычками
2025-11-12 00:28:55,289 | INFO | [INFO] CONTEST_FEATURE → новых колонок: 24
2025-11-12 00:28:55,289 | INFO | [INFO] Все новые колонки: ['CONTEST_FEATURE', 'CONTEST_FEATURE => feature', 'CONTEST_FEATURE => vid', 'CONTEST_FEATURE => momentRewarding', 'CONTEST_FEATURE => minNumber', 'CONTEST_FEATURE => capacity', 'CONTEST_FEATURE => accuracy', 'CONTEST_FEATURE => masking', 'CONTEST_FEATURE => tournamentStartMailing', 'CONTEST_FEATURE => tournamentEndMailing', 'CONTEST_FEATURE => tournamentLikeMailing', 'CONTEST_FEATURE => tournamentRewardingMailing', 'CONTEST_FEATURE => tournamentListMailing', 'CONTEST_FEATURE => persomanNumberVisible', 'CONTEST_FEATURE => persomanNumberHidden', 'CONTEST_FEATURE => gosbVisible', 'CONTEST_FEATURE => gosbHidden', 'CONTEST_FEATURE => tbVisible', 'CONTEST_FEATURE => tbHidden', 'CONTEST_FEATURE => businessBlock', 'CONTEST_FEATURE => typeRewarding', 'CONTEST_FEATURE => preferences', 'CONTEST_FEATURE => tournamentTeam', 'CONTEST_FEATURE => helpCode']
2025-11-12 00:28:55,289 | INFO | [JSON FLATTEN] CONTEST-DATA: поле 'CONTEST_FEATURE' развернуто с префиксом 'CONTEST_FEATURE'
2025-11-12 00:28:55,289 | INFO | Загрузка файла: /Users/orionflash/Desktop/MyProject/SPOD_PROM/SPOD-cursor-Parce/SPOD_PARCE_LOAD/SPOD/GROUP (PROM) 2025-11-11 v3.csv
2025-11-12 00:28:55,289 | INFO | [START] read_csv_file (/Users/orionflash/Desktop/MyProject/SPOD_PROM/SPOD-cursor-Parce/SPOD_PARCE_LOAD/SPOD/GROUP (PROM) 2025-11-11 v3.csv)
2025-11-12 00:28:55,290 | INFO | Файл успешно загружен: /Users/orionflash/Desktop/MyProject/SPOD_PROM/SPOD-cursor-Parce/SPOD_PARCE_LOAD/SPOD/GROUP (PROM) 2025-11-11 v3.csv, строк: 350, колонок: 8
2025-11-12 00:28:55,290 | INFO | [END] read_csv_file (/Users/orionflash/Desktop/MyProject/SPOD_PROM/SPOD-cursor-Parce/SPOD_PARCE_LOAD/SPOD/GROUP (PROM) 2025-11-11 v3.csv) (время: 0.001s)
2025-11-12 00:28:55,290 | INFO | Загрузка файла: /Users/orionflash/Desktop/MyProject/SPOD_PROM/SPOD-cursor-Parce/SPOD_PARCE_LOAD/SPOD/INDICATOR (PROM) 2025-11-11 v3.csv
2025-11-12 00:28:55,290 | INFO | [START] read_csv_file (/Users/orionflash/Desktop/MyProject/SPOD_PROM/SPOD-cursor-Parce/SPOD_PARCE_LOAD/SPOD/INDICATOR (PROM) 2025-11-11 v3.csv)
2025-11-12 00:28:55,292 | INFO | Файл успешно загружен: /Users/orionflash/Desktop/MyProject/SPOD_PROM/SPOD-cursor-Parce/SPOD_PARCE_LOAD/SPOD/INDICATOR (PROM) 2025-11-11 v3.csv, строк: 247, колонок: 16
2025-11-12 00:28:55,292 | INFO | [END] read_csv_file (/Users/orionflash/Desktop/MyProject/SPOD_PROM/SPOD-cursor-Parce/SPOD_PARCE_LOAD/SPOD/INDICATOR (PROM) 2025-11-11 v3.csv) (время: 0.001s)
2025-11-12 00:28:55,292 | INFO | Загрузка файла: /Users/orionflash/Desktop/MyProject/SPOD_PROM/SPOD-cursor-Parce/SPOD_PARCE_LOAD/SPOD/REPORT (PROM-KMKKSB) 2025-11-10 v1 (correct).csv
2025-11-12 00:28:55,292 | INFO | [START] read_csv_file (/Users/orionflash/Desktop/MyProject/SPOD_PROM/SPOD-cursor-Parce/SPOD_PARCE_LOAD/SPOD/REPORT (PROM-KMKKSB) 2025-11-10 v1 (correct).csv)
2025-11-12 00:28:55,307 | INFO | Файл успешно загружен: /Users/orionflash/Desktop/MyProject/SPOD_PROM/SPOD-cursor-Parce/SPOD_PARCE_LOAD/SPOD/REPORT (PROM-KMKKSB) 2025-11-10 v1 (correct).csv, строк: 20566, колонок: 7
2025-11-12 00:28:55,307 | INFO | [END] read_csv_file (/Users/orionflash/Desktop/MyProject/SPOD_PROM/SPOD-cursor-Parce/SPOD_PARCE_LOAD/SPOD/REPORT (PROM-KMKKSB) 2025-11-10 v1 (correct).csv) (время: 0.015s)
2025-11-12 00:28:55,308 | INFO | Загрузка файла: /Users/orionflash/Desktop/MyProject/SPOD_PROM/SPOD-cursor-Parce/SPOD_PARCE_LOAD/SPOD/REWARD (PROM) 2025-11-11 v3.csv
2025-11-12 00:28:55,308 | INFO | [START] read_csv_file (/Users/orionflash/Desktop/MyProject/SPOD_PROM/SPOD-cursor-Parce/SPOD_PARCE_LOAD/SPOD/REWARD (PROM) 2025-11-11 v3.csv)
2025-11-12 00:28:55,311 | INFO | Файл успешно загружен: /Users/orionflash/Desktop/MyProject/SPOD_PROM/SPOD-cursor-Parce/SPOD_PARCE_LOAD/SPOD/REWARD (PROM) 2025-11-11 v3.csv, строк: 534, колонок: 7
2025-11-12 00:28:55,311 | INFO | [END] read_csv_file (/Users/orionflash/Desktop/MyProject/SPOD_PROM/SPOD-cursor-Parce/SPOD_PARCE_LOAD/SPOD/REWARD (PROM) 2025-11-11 v3.csv) (время: 0.004s)
2025-11-12 00:28:55,311 | INFO | [START] flatten_json_column_recursive (лист: REWARD, колонка: REWARD_ADD_DATA)
2025-11-12 00:28:55,356 | INFO | [INFO] REWARD_ADD_DATA → новых колонок: 76
2025-11-12 00:28:55,356 | INFO | [INFO] Все новые колонки: ['ADD_DATA', 'ADD_DATA => feature', 'ADD_DATA => itemFeature', 'ADD_DATA => nftFlg', 'ADD_DATA => outstanding', 'ADD_DATA => rewardRule', 'ADD_DATA => rewardAgainGlobal', 'ADD_DATA => rewardAgainTournament', 'ADD_DATA => hidden', 'ADD_DATA => fileName', 'ADD_DATA => teamNews', 'ADD_DATA => singleNews', 'ADD_DATA => refreshOldNews', 'ADD_DATA => businessBlock', 'ADD_DATA => getCondition', 'ADD_DATA => getCondition => rewards', 'ADD_DATA => getCondition => nonRewards', 'ADD_DATA => getCondition => nonRewards => [0]', 'ADD_DATA => getCondition => nonRewards => [0] => nonRewardCode', 'ADD_DATA => getCondition => nonRewards => [1]', 'ADD_DATA => getCondition => nonRewards => [1] => nonRewardCode', 'ADD_DATA => getCondition => employeeRating', 'ADD_DATA => getCondition => employeeRating => minRatingBANK', 'ADD_DATA => getCondition => employeeRating => minRatingTB', 'ADD_DATA => getCondition => employeeRating => minRatingGOSB', 'ADD_DATA => getCondition => employeeRating => minCrystalEarnedTotal', 'ADD_DATA => getCondition => employeeRating => seasonCode', 'ADD_DATA => itemGroupAmount', 'ADD_DATA => isGroupingTitle', 'ADD_DATA => isGroupingTultip', 'ADD_DATA => itemAmount', 'ADD_DATA => isGrouping', 'ADD_DATA => isGroupingName', 'ADD_DATA => itemMinShow', 'ADD_DATA => itemLimitCount', 'ADD_DATA => itemLimitPeriod', 'ADD_DATA => seasonItem', 'ADD_DATA => bookingRequired', 'ADD_DATA => deliveryRequired', 'ADD_DATA => commingSoon', 'ADD_DATA => ignoreConditions', 'ADD_DATA => getCondition => nonRewards => [2]', 'ADD_DATA => getCondition => nonRewards => [2] => nonRewardCode', 'ADD_DATA => itemGroupAmount => [0]', 'ADD_DATA => itemGroupAmount => [0] => itemParam', 'ADD_DATA => itemGroupAmount => [0] => itemParamAmount', 'ADD_DATA => itemGroupAmount => [1]', 'ADD_DATA => itemGroupAmount => [1] => itemParam', 'ADD_DATA => itemGroupAmount => [1] => itemParamAmount', 'ADD_DATA => itemGroupAmount => [2]', 'ADD_DATA => itemGroupAmount => [2] => itemParam', 'ADD_DATA => itemGroupAmount => [2] => itemParamAmount', 'ADD_DATA => itemGroupAmount => [3]', 'ADD_DATA => itemGroupAmount => [3] => itemParam', 'ADD_DATA => itemGroupAmount => [3] => itemParamAmount', 'ADD_DATA => itemGroupAmount => [4]', 'ADD_DATA => itemGroupAmount => [4] => itemParam', 'ADD_DATA => itemGroupAmount => [4] => itemParamAmount', 'ADD_DATA => itemGroupAmount => [5]', 'ADD_DATA => itemGroupAmount => [5] => itemParam', 'ADD_DATA => itemGroupAmount => [5] => itemParamAmount', 'ADD_DATA => itemGroupAmount => [6]', 'ADD_DATA => itemGroupAmount => [6] => itemParam', 'ADD_DATA => itemGroupAmount => [6] => itemParamAmount', 'ADD_DATA => getCondition => rewards => [0]', 'ADD_DATA => getCondition => rewards => [0] => rewardCode', 'ADD_DATA => getCondition => rewards => [0] => amount', 'ADD_DATA => recommendationLevel', 'ADD_DATA => priority', 'ADD_DATA => masterBadge', 'ADD_DATA => parentRewardCode', 'ADD_DATA => tagColor', 'ADD_DATA => tagEndDT', 'ADD_DATA => helpCode', 'ADD_DATA => preferences', 'ADD_DATA => tournamentTeam']
2025-11-12 00:28:55,356 | INFO | [JSON FLATTEN] REWARD: поле 'REWARD_ADD_DATA' развернуто с префиксом 'ADD_DATA'
2025-11-12 00:28:55,356 | INFO | Загрузка файла: /Users/orionflash/Desktop/MyProject/SPOD_PROM/SPOD-cursor-Parce/SPOD_PARCE_LOAD/SPOD/REWARD-LINK (PROM) 2025-11-11 v3.csv
2025-11-12 00:28:55,356 | INFO | [START] read_csv_file (/Users/orionflash/Desktop/MyProject/SPOD_PROM/SPOD-cursor-Parce/SPOD_PARCE_LOAD/SPOD/REWARD-LINK (PROM) 2025-11-11 v3.csv)
2025-11-12 00:28:55,357 | INFO | Файл успешно загружен: /Users/orionflash/Desktop/MyProject/SPOD_PROM/SPOD-cursor-Parce/SPOD_PARCE_LOAD/SPOD/REWARD-LINK (PROM) 2025-11-11 v3.csv, строк: 464, колонок: 3
2025-11-12 00:28:55,357 | INFO | [END] read_csv_file (/Users/orionflash/Desktop/MyProject/SPOD_PROM/SPOD-cursor-Parce/SPOD_PARCE_LOAD/SPOD/REWARD-LINK (PROM) 2025-11-11 v3.csv) (время: 0.001s)
2025-11-12 00:28:55,357 | INFO | Загрузка файла: /Users/orionflash/Desktop/MyProject/SPOD_PROM/SPOD-cursor-Parce/SPOD_PARCE_LOAD/SPOD/SVD_KB_DM_GAMIFICATION_ORG_UNIT_V20 - 2025.08.28.csv
2025-11-12 00:28:55,357 | INFO | [START] read_csv_file (/Users/orionflash/Desktop/MyProject/SPOD_PROM/SPOD-cursor-Parce/SPOD_PARCE_LOAD/SPOD/SVD_KB_DM_GAMIFICATION_ORG_UNIT_V20 - 2025.08.28.csv)
2025-11-12 00:28:55,358 | INFO | Файл успешно загружен: /Users/orionflash/Desktop/MyProject/SPOD_PROM/SPOD-cursor-Parce/SPOD_PARCE_LOAD/SPOD/SVD_KB_DM_GAMIFICATION_ORG_UNIT_V20 - 2025.08.28.csv, строк: 121, колонок: 11
2025-11-12 00:28:55,358 | INFO | [END] read_csv_file (/Users/orionflash/Desktop/MyProject/SPOD_PROM/SPOD-cursor-Parce/SPOD_PARCE_LOAD/SPOD/SVD_KB_DM_GAMIFICATION_ORG_UNIT_V20 - 2025.08.28.csv) (время: 0.001s)
2025-11-12 00:28:55,358 | INFO | Загрузка файла: /Users/orionflash/Desktop/MyProject/SPOD_PROM/SPOD-cursor-Parce/SPOD_PARCE_LOAD/SPOD/TOURNAMENT-SCHEDULE (PROM) 2025-11-11 v3.csv
2025-11-12 00:28:55,359 | INFO | [START] read_csv_file (/Users/orionflash/Desktop/MyProject/SPOD_PROM/SPOD-cursor-Parce/SPOD_PARCE_LOAD/SPOD/TOURNAMENT-SCHEDULE (PROM) 2025-11-11 v3.csv)
2025-11-12 00:28:55,360 | INFO | Файл успешно загружен: /Users/orionflash/Desktop/MyProject/SPOD_PROM/SPOD-cursor-Parce/SPOD_PARCE_LOAD/SPOD/TOURNAMENT-SCHEDULE (PROM) 2025-11-11 v3.csv, строк: 479, колонок: 15
2025-11-12 00:28:55,360 | INFO | [END] read_csv_file (/Users/orionflash/Desktop/MyProject/SPOD_PROM/SPOD-cursor-Parce/SPOD_PARCE_LOAD/SPOD/TOURNAMENT-SCHEDULE (PROM) 2025-11-11 v3.csv) (время: 0.002s)
2025-11-12 00:28:55,361 | ERROR | Файл не найден: PROM_USER_ROLE 2025-10-29 v0 в каталоге /Users/orionflash/Desktop/MyProject/SPOD_PROM/SPOD-cursor-Parce/SPOD_PARCE_LOAD/SPOD
2025-11-12 00:28:55,361 | ERROR | Файл не найден: PROM_USER_ROLE SB 2025-10-29 v0 в каталоге /Users/orionflash/Desktop/MyProject/SPOD_PROM/SPOD-cursor-Parce/SPOD_PARCE_LOAD/SPOD
2025-11-12 00:28:55,361 | ERROR | Файл не найден: employee_PROM_2025-10-29 v0 в каталоге /Users/orionflash/Desktop/MyProject/SPOD_PROM/SPOD-cursor-Parce/SPOD_PARCE_LOAD/SPOD
2025-11-12 00:28:55,361 | INFO | [FIELD LENGTH] Проверка длины полей для листа ORG_UNIT_V20, строк: 121
2025-11-12 00:28:55,362 | INFO | [FIELD LENGTH] Статистика: корректных=121, с ошибками=0 (всего: 121)
2025-11-12 00:28:55,362 | INFO | [FIELD LENGTH] Завершено за 0.001s для листа ORG_UNIT_V20
2025-11-12 00:28:55,362 | INFO | [FIELD LENGTH] Проверка длины полей для листа REPORT, строк: 20566
2025-11-12 00:28:55,368 | INFO | [FIELD LENGTH] Обработано 500 из 20566 строк (2.4%)
2025-11-12 00:28:55,372 | INFO | [FIELD LENGTH] Обработано 1000 из 20566 строк (4.9%)
2025-11-12 00:28:55,377 | INFO | [FIELD LENGTH] Обработано 1500 из 20566 строк (7.3%)
2025-11-12 00:28:55,381 | INFO | [FIELD LENGTH] Обработано 2000 из 20566 строк (9.7%)
2025-11-12 00:28:55,385 | INFO | [FIELD LENGTH] Обработано 2500 из 20566 строк (12.2%)
2025-11-12 00:28:55,390 | INFO | [FIELD LENGTH] Обработано 3000 из 20566 строк (14.6%)
2025-11-12 00:28:55,394 | INFO | [FIELD LENGTH] Обработано 3500 из 20566 строк (17.0%)
2025-11-12 00:28:55,398 | INFO | [FIELD LENGTH] Обработано 4000 из 20566 строк (19.4%)
2025-11-12 00:28:55,403 | INFO | [FIELD LENGTH] Обработано 4500 из 20566 строк (21.9%)
2025-11-12 00:28:55,408 | INFO | [FIELD LENGTH] Обработано 5000 из 20566 строк (24.3%)
2025-11-12 00:28:55,412 | INFO | [FIELD LENGTH] Обработано 5500 из 20566 строк (26.7%)
2025-11-12 00:28:55,417 | INFO | [FIELD LENGTH] Обработано 6000 из 20566 строк (29.2%)
2025-11-12 00:28:55,421 | INFO | [FIELD LENGTH] Обработано 6500 из 20566 строк (31.6%)
2025-11-12 00:28:55,425 | INFO | [FIELD LENGTH] Обработано 7000 из 20566 строк (34.0%)
2025-11-12 00:28:55,430 | INFO | [FIELD LENGTH] Обработано 7500 из 20566 строк (36.5%)
2025-11-12 00:28:55,434 | INFO | [FIELD LENGTH] Обработано 8000 из 20566 строк (38.9%)
2025-11-12 00:28:55,438 | INFO | [FIELD LENGTH] Обработано 8500 из 20566 строк (41.3%)
2025-11-12 00:28:55,443 | INFO | [FIELD LENGTH] Обработано 9000 из 20566 строк (43.8%)
2025-11-12 00:28:55,447 | INFO | [FIELD LENGTH] Обработано 9500 из 20566 строк (46.2%)
2025-11-12 00:28:55,452 | INFO | [FIELD LENGTH] Обработано 10000 из 20566 строк (48.6%)
2025-11-12 00:28:55,456 | INFO | [FIELD LENGTH] Обработано 10500 из 20566 строк (51.1%)
2025-11-12 00:28:55,460 | INFO | [FIELD LENGTH] Обработано 11000 из 20566 строк (53.5%)
2025-11-12 00:28:55,464 | INFO | [FIELD LENGTH] Обработано 11500 из 20566 строк (55.9%)
2025-11-12 00:28:55,469 | INFO | [FIELD LENGTH] Обработано 12000 из 20566 строк (58.3%)
2025-11-12 00:28:55,474 | INFO | [FIELD LENGTH] Обработано 12500 из 20566 строк (60.8%)
2025-11-12 00:28:55,478 | INFO | [FIELD LENGTH] Обработано 13000 из 20566 строк (63.2%)
2025-11-12 00:28:55,482 | INFO | [FIELD LENGTH] Обработано 13500 из 20566 строк (65.6%)
2025-11-12 00:28:55,487 | INFO | [FIELD LENGTH] Обработано 14000 из 20566 строк (68.1%)
2025-11-12 00:28:55,495 | INFO | [FIELD LENGTH] Обработано 14500 из 20566 строк (70.5%)
2025-11-12 00:28:55,506 | INFO | [FIELD LENGTH] Обработано 15000 из 20566 строк (72.9%)
2025-11-12 00:28:55,511 | INFO | [FIELD LENGTH] Обработано 15500 из 20566 строк (75.4%)
2025-11-12 00:28:55,516 | INFO | [FIELD LENGTH] Обработано 16000 из 20566 строк (77.8%)
2025-11-12 00:28:55,520 | INFO | [FIELD LENGTH] Обработано 16500 из 20566 строк (80.2%)
2025-11-12 00:28:55,524 | INFO | [FIELD LENGTH] Обработано 17000 из 20566 строк (82.7%)
2025-11-12 00:28:55,529 | INFO | [FIELD LENGTH] Обработано 17500 из 20566 строк (85.1%)
2025-11-12 00:28:55,533 | INFO | [FIELD LENGTH] Обработано 18000 из 20566 строк (87.5%)
2025-11-12 00:28:55,538 | INFO | [FIELD LENGTH] Обработано 18500 из 20566 строк (90.0%)
2025-11-12 00:28:55,542 | INFO | [FIELD LENGTH] Обработано 19000 из 20566 строк (92.4%)
2025-11-12 00:28:55,547 | INFO | [FIELD LENGTH] Обработано 19500 из 20566 строк (94.8%)
2025-11-12 00:28:55,551 | INFO | [FIELD LENGTH] Обработано 20000 из 20566 строк (97.2%)
2025-11-12 00:28:55,556 | INFO | [FIELD LENGTH] Обработано 20500 из 20566 строк (99.7%)
2025-11-12 00:28:55,557 | INFO | [FIELD LENGTH] Статистика: корректных=20566, с ошибками=0 (всего: 20566)
2025-11-12 00:28:55,557 | INFO | [FIELD LENGTH] Завершено за 0.195s для листа REPORT
2025-11-12 00:28:55,558 | INFO | [START] calculate_tournament_status (TOURNAMENT-SCHEDULE status calculation)
2025-11-12 00:28:57,191 | INFO | [TOURNAMENT STATUS] Статистика: {'ПОДВЕДЕНИЕ ИТОГОВ': 367, 'АКТИВНЫЙ': 98, 'НЕОПРЕДЕЛЕН': 10, 'ЗАВЕРШЕН': 4}
2025-11-12 00:28:57,191 | INFO | [END] calculate_tournament_status (TOURNAMENT-SCHEDULE status calculation) (время: 1.634s)
2025-11-12 00:28:57,192 | INFO | [START] add_tournament_status_counts (contest_rows: 260, tournament_rows: 479)
2025-11-12 00:28:57,192 | INFO | [TOURNAMENT STATUS COUNTS] Найдено статусов: 5 - ['АКТИВНЫЙ', 'ЗАВЕРШЕН', 'ОТМЕНЕН', 'ПОДВЕДЕНИЕ ИТОГОВ', 'УДАЛЕН']
2025-11-12 00:28:57,195 | INFO | [TOURNAMENT STATUS COUNTS] Добавлено колонок: 5 - ['TOURNAMENT_COUNT_АКТИВНЫЙ', 'TOURNAMENT_COUNT_ЗАВЕРШЕН', 'TOURNAMENT_COUNT_ОТМЕНЕН', 'TOURNAMENT_COUNT_ПОДВЕДЕНИЕ ИТОГОВ', 'TOURNAMENT_COUNT_УДАЛЕН']
2025-11-12 00:28:57,195 | INFO | [END] add_tournament_status_counts (добавлено колонок: 5) (время: 0.003s)
2025-11-12 00:28:57,195 | INFO | [START] merge_fields_across_sheets (src: CONTEST-DATA -> dst: REPORT, поля: ['CONTEST_TYPE', 'FULL_NAME', 'BUSINESS_STATUS', 'BUSINESS_BLOCK'], ключ: ['CONTEST_CODE']<-['CONTEST_CODE'], mode: value, multiply: False), status_filters: {'BUSINESS_STATUS': ['АКТИВНЫЙ', 'ПОДВЕДЕНИЕ ИТОГОВ']}
2025-11-12 00:28:57,196 | INFO | [FILTER] Применен фильтр по статусу: BUSINESS_STATUS=['АКТИВНЫЙ', 'ПОДВЕДЕНИЕ ИТОГОВ'], осталось строк: 208
2025-11-12 00:28:57,196 | INFO | [FILTER] Фильтрация завершена: 260 -> 208 строк в листе CONTEST-DATA
2025-11-12 00:28:57,196 | INFO | [START] add_fields_to_sheet (лист: REPORT, поля: ['CONTEST_TYPE', 'FULL_NAME', 'BUSINESS_STATUS', 'BUSINESS_BLOCK'], ключ: ['CONTEST_CODE']->['CONTEST_CODE'], mode: value, multiply: False)
2025-11-12 00:28:57,246 | INFO | [END] add_fields_to_sheet (лист: REPORT, поля: ['CONTEST_TYPE', 'FULL_NAME', 'BUSINESS_STATUS', 'BUSINESS_BLOCK'], ключ: ['CONTEST_CODE']->['CONTEST_CODE'], mode: value, multiply: False) (время: 0.050s)
2025-11-12 00:28:57,246 | INFO | [END] merge_fields_across_sheets (src: CONTEST-DATA -> dst: REPORT, поля: ['CONTEST_TYPE', 'FULL_NAME', 'BUSINESS_STATUS', 'BUSINESS_BLOCK'], ключ: ['CONTEST_CODE']<-['CONTEST_CODE'], mode: value, multiply: False), status_filters: {'BUSINESS_STATUS': ['АКТИВНЫЙ', 'ПОДВЕДЕНИЕ ИТОГОВ']} (время: 0.000s)
2025-11-12 00:28:57,246 | INFO | [START] merge_fields_across_sheets (src: TOURNAMENT-SCHEDULE -> dst: REPORT, поля: ['END_DT', 'RESULT_DT', 'TOURNAMENT_STATUS'], ключ: ['TOURNAMENT_CODE']<-['TOURNAMENT_CODE'], mode: value, multiply: False)
2025-11-12 00:28:57,246 | INFO | [START] add_fields_to_sheet (лист: REPORT, поля: ['END_DT', 'RESULT_DT', 'TOURNAMENT_STATUS'], ключ: ['TOURNAMENT_CODE']->['TOURNAMENT_CODE'], mode: value, multiply: False)
2025-11-12 00:28:57,285 | INFO | [END] add_fields_to_sheet (лист: REPORT, поля: ['END_DT', 'RESULT_DT', 'TOURNAMENT_STATUS'], ключ: ['TOURNAMENT_CODE']->['TOURNAMENT_CODE'], mode: value, multiply: False) (время: 0.039s)
2025-11-12 00:28:57,287 | INFO | [END] merge_fields_across_sheets (src: TOURNAMENT-SCHEDULE -> dst: REPORT, поля: ['END_DT', 'RESULT_DT', 'TOURNAMENT_STATUS'], ключ: ['TOURNAMENT_CODE']<-['TOURNAMENT_CODE'], mode: value, multiply: False) (время: 0.000s)
2025-11-12 00:28:57,287 | INFO | [START] merge_fields_across_sheets (src: REWARD-LINK -> dst: REWARD, поля: ['CONTEST_CODE'], ключ: ['REWARD_CODE']<-['REWARD_CODE'], mode: value, multiply: False)
2025-11-12 00:28:57,287 | INFO | [START] add_fields_to_sheet (лист: REWARD, поля: ['CONTEST_CODE'], ключ: ['REWARD_CODE']->['REWARD_CODE'], mode: value, multiply: False)
2025-11-12 00:28:57,290 | INFO | [END] add_fields_to_sheet (лист: REWARD, поля: ['CONTEST_CODE'], ключ: ['REWARD_CODE']->['REWARD_CODE'], mode: value, multiply: False) (время: 0.003s)
2025-11-12 00:28:57,290 | INFO | [END] merge_fields_across_sheets (src: REWARD-LINK -> dst: REWARD, поля: ['CONTEST_CODE'], ключ: ['REWARD_CODE']<-['REWARD_CODE'], mode: value, multiply: False) (время: 0.000s)
2025-11-12 00:28:57,290 | INFO | [START] merge_fields_across_sheets (src: TOURNAMENT-SCHEDULE -> dst: REWARD, поля: ['TOURNAMENT_CODE'], ключ: ['REWARD_LINK => CONTEST_CODE']<-['CONTEST_CODE'], mode: count, multiply: False)
2025-11-12 00:28:57,290 | INFO | [START] add_fields_to_sheet (лист: REWARD, поля: ['TOURNAMENT_CODE'], ключ: ['REWARD_LINK => CONTEST_CODE']->['CONTEST_CODE'], mode: count, multiply: False)
2025-11-12 00:28:57,292 | INFO | [END] add_fields_to_sheet (лист: REWARD, mode: count, ключ: ['REWARD_LINK => CONTEST_CODE']->['CONTEST_CODE']) (время: 0.001s)
2025-11-12 00:28:57,292 | INFO | [END] merge_fields_across_sheets (src: TOURNAMENT-SCHEDULE -> dst: REWARD, поля: ['TOURNAMENT_CODE'], ключ: ['REWARD_LINK => CONTEST_CODE']<-['CONTEST_CODE'], mode: count, multiply: False) (время: 0.000s)
2025-11-12 00:28:57,292 | WARNING | Колонка ['ORG_UNIT_CODE'] не добавлена: нет листа ORG_UNIT_V20 или ключей ['TB_CODE', 'GOSB_CODE']
2025-11-12 00:28:57,292 | WARNING | Колонка ['GOSB_CODE', 'GOSB_SHORT_NAME', 'GOSB_NAME', 'TB_CODE', 'TB_SHORT_NAME'] не добавлена: нет листа ORG_UNIT_V20 или ключей ['ORG_UNIT_CODE']
2025-11-12 00:28:57,292 | INFO | [START] merge_fields_across_sheets (src: CONTEST-DATA -> dst: TOURNAMENT-SCHEDULE, поля: ['FULL_NAME', 'BUSINESS_BLOCK', 'CONTEST_TYPE', 'BUSINESS_STATUS'], ключ: ['CONTEST_CODE']<-['CONTEST_CODE'], mode: value, multiply: False)
2025-11-12 00:28:57,292 | INFO | [START] add_fields_to_sheet (лист: TOURNAMENT-SCHEDULE, поля: ['FULL_NAME', 'BUSINESS_BLOCK', 'CONTEST_TYPE', 'BUSINESS_STATUS'], ключ: ['CONTEST_CODE']->['CONTEST_CODE'], mode: value, multiply: False)
2025-11-12 00:28:57,295 | INFO | [END] add_fields_to_sheet (лист: TOURNAMENT-SCHEDULE, поля: ['FULL_NAME', 'BUSINESS_BLOCK', 'CONTEST_TYPE', 'BUSINESS_STATUS'], ключ: ['CONTEST_CODE']->['CONTEST_CODE'], mode: value, multiply: False) (время: 0.003s)
2025-11-12 00:28:57,295 | INFO | [END] merge_fields_across_sheets (src: CONTEST-DATA -> dst: TOURNAMENT-SCHEDULE, поля: ['FULL_NAME', 'BUSINESS_BLOCK', 'CONTEST_TYPE', 'BUSINESS_STATUS'], ключ: ['CONTEST_CODE']<-['CONTEST_CODE'], mode: value, multiply: False) (время: 0.000s)
2025-11-12 00:28:57,296 | INFO | [START] merge_fields_across_sheets (src: CONTEST-DATA -> dst: GROUP, поля: ['FULL_NAME'], ключ: ['CONTEST_CODE']<-['CONTEST_CODE'], mode: value, multiply: False)
2025-11-12 00:28:57,296 | INFO | [START] add_fields_to_sheet (лист: GROUP, поля: ['FULL_NAME'], ключ: ['CONTEST_CODE']->['CONTEST_CODE'], mode: value, multiply: False)
2025-11-12 00:28:57,298 | INFO | [END] add_fields_to_sheet (лист: GROUP, поля: ['FULL_NAME'], ключ: ['CONTEST_CODE']->['CONTEST_CODE'], mode: value, multiply: False) (время: 0.002s)
2025-11-12 00:28:57,298 | INFO | [END] merge_fields_across_sheets (src: CONTEST-DATA -> dst: GROUP, поля: ['FULL_NAME'], ключ: ['CONTEST_CODE']<-['CONTEST_CODE'], mode: value, multiply: False) (время: 0.000s)
2025-11-12 00:28:57,298 | INFO | [START] merge_fields_across_sheets (src: CONTEST-DATA -> dst: INDICATOR, поля: ['FULL_NAME'], ключ: ['CONTEST_CODE']<-['CONTEST_CODE'], mode: value, multiply: False)
2025-11-12 00:28:57,298 | INFO | [START] add_fields_to_sheet (лист: INDICATOR, поля: ['FULL_NAME'], ключ: ['CONTEST_CODE']->['CONTEST_CODE'], mode: value, multiply: False)
2025-11-12 00:28:57,300 | INFO | [END] add_fields_to_sheet (лист: INDICATOR, поля: ['FULL_NAME'], ключ: ['CONTEST_CODE']->['CONTEST_CODE'], mode: value, multiply: False) (время: 0.002s)
2025-11-12 00:28:57,300 | INFO | [END] merge_fields_across_sheets (src: CONTEST-DATA -> dst: INDICATOR, поля: ['FULL_NAME'], ключ: ['CONTEST_CODE']<-['CONTEST_CODE'], mode: value, multiply: False) (время: 0.000s)
2025-11-12 00:28:57,300 | INFO | [START] merge_fields_across_sheets (src: CONTEST-DATA -> dst: REWARD-LINK, поля: ['FULL_NAME'], ключ: ['CONTEST_CODE']<-['CONTEST_CODE'], mode: value, multiply: False)
2025-11-12 00:28:57,300 | INFO | [START] add_fields_to_sheet (лист: REWARD-LINK, поля: ['FULL_NAME'], ключ: ['CONTEST_CODE']->['CONTEST_CODE'], mode: value, multiply: False)
2025-11-12 00:28:57,302 | INFO | [END] add_fields_to_sheet (лист: REWARD-LINK, поля: ['FULL_NAME'], ключ: ['CONTEST_CODE']->['CONTEST_CODE'], mode: value, multiply: False) (время: 0.002s)
2025-11-12 00:28:57,302 | INFO | [END] merge_fields_across_sheets (src: CONTEST-DATA -> dst: REWARD-LINK, поля: ['FULL_NAME'], ключ: ['CONTEST_CODE']<-['CONTEST_CODE'], mode: value, multiply: False) (время: 0.000s)
2025-11-12 00:28:57,305 | INFO | [START] merge_fields_across_sheets (src: REPORT -> dst: TOURNAMENT-SCHEDULE, поля: ['CONTEST_DATE'], ключ: ['CONTEST_CODE', 'TOURNAMENT_CODE']<-['CONTEST_CODE', 'TOURNAMENT_CODE'], mode: value, multiply: False)
2025-11-12 00:28:57,306 | INFO | [START] add_fields_to_sheet (лист: TOURNAMENT-SCHEDULE, поля: ['CONTEST_DATE'], ключ: ['CONTEST_CODE', 'TOURNAMENT_CODE']->['CONTEST_CODE', 'TOURNAMENT_CODE'], mode: value, multiply: False)
2025-11-12 00:28:57,348 | INFO | [END] add_fields_to_sheet (лист: TOURNAMENT-SCHEDULE, поля: ['CONTEST_DATE'], ключ: ['CONTEST_CODE', 'TOURNAMENT_CODE']->['CONTEST_CODE', 'TOURNAMENT_CODE'], mode: value, multiply: False) (время: 0.042s)
2025-11-12 00:28:57,349 | INFO | [END] merge_fields_across_sheets (src: REPORT -> dst: TOURNAMENT-SCHEDULE, поля: ['CONTEST_DATE'], ключ: ['CONTEST_CODE', 'TOURNAMENT_CODE']<-['CONTEST_CODE', 'TOURNAMENT_CODE'], mode: value, multiply: False) (время: 0.000s)
2025-11-12 00:28:57,349 | INFO | [START] merge_fields_across_sheets (src: TOURNAMENT-SCHEDULE -> dst: CONTEST-DATA, поля: ['TOURNAMENT_CODE'], ключ: ['CONTEST_CODE']<-['CONTEST_CODE'], mode: count, multiply: False)
2025-11-12 00:28:57,350 | INFO | [START] add_fields_to_sheet (лист: CONTEST-DATA, поля: ['TOURNAMENT_CODE'], ключ: ['CONTEST_CODE']->['CONTEST_CODE'], mode: count, multiply: False)
2025-11-12 00:28:57,351 | INFO | [END] add_fields_to_sheet (лист: CONTEST-DATA, mode: count, ключ: ['CONTEST_CODE']->['CONTEST_CODE']) (время: 0.001s)
2025-11-12 00:28:57,351 | INFO | [END] merge_fields_across_sheets (src: TOURNAMENT-SCHEDULE -> dst: CONTEST-DATA, поля: ['TOURNAMENT_CODE'], ключ: ['CONTEST_CODE']<-['CONTEST_CODE'], mode: count, multiply: False) (время: 0.000s)
2025-11-12 00:28:57,353 | INFO | [START] merge_fields_across_sheets (src: REPORT -> dst: TOURNAMENT-SCHEDULE, поля: ['CONTEST_DATE'], ключ: ['CONTEST_CODE', 'TOURNAMENT_CODE']<-['CONTEST_CODE', 'TOURNAMENT_CODE'], mode: count, multiply: False)
2025-11-12 00:28:57,354 | INFO | [START] add_fields_to_sheet (лист: TOURNAMENT-SCHEDULE, поля: ['CONTEST_DATE'], ключ: ['CONTEST_CODE', 'TOURNAMENT_CODE']->['CONTEST_CODE', 'TOURNAMENT_CODE'], mode: count, multiply: False)
2025-11-12 00:28:57,358 | INFO | [END] add_fields_to_sheet (лист: TOURNAMENT-SCHEDULE, mode: count, ключ: ['CONTEST_CODE', 'TOURNAMENT_CODE']->['CONTEST_CODE', 'TOURNAMENT_CODE']) (время: 0.004s)
2025-11-12 00:28:57,358 | INFO | [END] merge_fields_across_sheets (src: REPORT -> dst: TOURNAMENT-SCHEDULE, поля: ['CONTEST_DATE'], ключ: ['CONTEST_CODE', 'TOURNAMENT_CODE']<-['CONTEST_CODE', 'TOURNAMENT_CODE'], mode: count, multiply: False) (время: 0.000s)
2025-11-12 00:28:57,359 | INFO | [START] merge_fields_across_sheets (src: TOURNAMENT-SCHEDULE -> dst: CONTEST-DATA, поля: ['TOURNAMENT_CODE'], ключ: ['CONTEST_CODE']<-['CONTEST_CODE'], mode: count, multiply: False), status_filters: {'TOURNAMENT_STATUS': ['АКТИВНЫЙ']}
2025-11-12 00:28:57,360 | INFO | [FILTER] Применен фильтр по статусу: TOURNAMENT_STATUS=['АКТИВНЫЙ'], осталось строк: 113
2025-11-12 00:28:57,360 | INFO | [FILTER] Фильтрация завершена: 479 -> 113 строк в листе TOURNAMENT-SCHEDULE
2025-11-12 00:28:57,360 | INFO | [START] add_fields_to_sheet (лист: CONTEST-DATA, поля: ['TOURNAMENT_CODE'], ключ: ['CONTEST_CODE']->['CONTEST_CODE'], mode: count, multiply: False)
2025-11-12 00:28:57,361 | INFO | [END] add_fields_to_sheet (лист: CONTEST-DATA, mode: count, ключ: ['CONTEST_CODE']->['CONTEST_CODE']) (время: 0.001s)
2025-11-12 00:28:57,361 | INFO | [END] merge_fields_across_sheets (src: TOURNAMENT-SCHEDULE -> dst: CONTEST-DATA, поля: ['TOURNAMENT_CODE'], ключ: ['CONTEST_CODE']<-['CONTEST_CODE'], mode: count, multiply: False), status_filters: {'TOURNAMENT_STATUS': ['АКТИВНЫЙ']} (время: 0.000s)
2025-11-12 00:28:57,361 | INFO | [START] merge_fields_across_sheets (src: TOURNAMENT-SCHEDULE -> dst: CONTEST-DATA, поля: ['TOURNAMENT_CODE'], ключ: ['CONTEST_CODE']<-['CONTEST_CODE'], mode: count, multiply: False), status_filters: {'TOURNAMENT_STATUS': ['ЗАВЕРШЕН']}
2025-11-12 00:28:57,361 | INFO | [FILTER] Применен фильтр по статусу: TOURNAMENT_STATUS=['ЗАВЕРШЕН'], осталось строк: 229
2025-11-12 00:28:57,361 | INFO | [FILTER] Фильтрация завершена: 479 -> 229 строк в листе TOURNAMENT-SCHEDULE
2025-11-12 00:28:57,361 | INFO | [START] add_fields_to_sheet (лист: CONTEST-DATA, поля: ['TOURNAMENT_CODE'], ключ: ['CONTEST_CODE']->['CONTEST_CODE'], mode: count, multiply: False)
2025-11-12 00:28:57,362 | INFO | [END] add_fields_to_sheet (лист: CONTEST-DATA, mode: count, ключ: ['CONTEST_CODE']->['CONTEST_CODE']) (время: 0.001s)
2025-11-12 00:28:57,362 | INFO | [END] merge_fields_across_sheets (src: TOURNAMENT-SCHEDULE -> dst: CONTEST-DATA, поля: ['TOURNAMENT_CODE'], ключ: ['CONTEST_CODE']<-['CONTEST_CODE'], mode: count, multiply: False), status_filters: {'TOURNAMENT_STATUS': ['ЗАВЕРШЕН']} (время: 0.000s)
2025-11-12 00:28:57,362 | INFO | [START] merge_fields_across_sheets (src: TOURNAMENT-SCHEDULE -> dst: CONTEST-DATA, поля: ['TOURNAMENT_CODE'], ключ: ['CONTEST_CODE']<-['CONTEST_CODE'], mode: count, multiply: False), status_filters: {'TOURNAMENT_STATUS': ['ОТМЕНЕН']}
2025-11-12 00:28:57,362 | INFO | [FILTER] Применен фильтр по статусу: TOURNAMENT_STATUS=['ОТМЕНЕН'], осталось строк: 13
2025-11-12 00:28:57,362 | INFO | [FILTER] Фильтрация завершена: 479 -> 13 строк в листе TOURNAMENT-SCHEDULE
2025-11-12 00:28:57,362 | INFO | [START] add_fields_to_sheet (лист: CONTEST-DATA, поля: ['TOURNAMENT_CODE'], ключ: ['CONTEST_CODE']->['CONTEST_CODE'], mode: count, multiply: False)
2025-11-12 00:28:57,363 | INFO | [END] add_fields_to_sheet (лист: CONTEST-DATA, mode: count, ключ: ['CONTEST_CODE']->['CONTEST_CODE']) (время: 0.001s)
2025-11-12 00:28:57,363 | INFO | [END] merge_fields_across_sheets (src: TOURNAMENT-SCHEDULE -> dst: CONTEST-DATA, поля: ['TOURNAMENT_CODE'], ключ: ['CONTEST_CODE']<-['CONTEST_CODE'], mode: count, multiply: False), status_filters: {'TOURNAMENT_STATUS': ['ОТМЕНЕН']} (время: 0.000s)
2025-11-12 00:28:57,363 | INFO | [START] merge_fields_across_sheets (src: TOURNAMENT-SCHEDULE -> dst: CONTEST-DATA, поля: ['TOURNAMENT_CODE'], ключ: ['CONTEST_CODE']<-['CONTEST_CODE'], mode: count, multiply: False), status_filters: {'TOURNAMENT_STATUS': ['ПОДВЕДЕНИЕ ИТОГОВ']}
2025-11-12 00:28:57,364 | INFO | [FILTER] Применен фильтр по статусу: TOURNAMENT_STATUS=['ПОДВЕДЕНИЕ ИТОГОВ'], осталось строк: 27
2025-11-12 00:28:57,364 | INFO | [FILTER] Фильтрация завершена: 479 -> 27 строк в листе TOURNAMENT-SCHEDULE
2025-11-12 00:28:57,364 | INFO | [START] add_fields_to_sheet (лист: CONTEST-DATA, поля: ['TOURNAMENT_CODE'], ключ: ['CONTEST_CODE']->['CONTEST_CODE'], mode: count, multiply: False)
2025-11-12 00:28:57,364 | INFO | [END] add_fields_to_sheet (лист: CONTEST-DATA, mode: count, ключ: ['CONTEST_CODE']->['CONTEST_CODE']) (время: 0.001s)
2025-11-12 00:28:57,365 | INFO | [END] merge_fields_across_sheets (src: TOURNAMENT-SCHEDULE -> dst: CONTEST-DATA, поля: ['TOURNAMENT_CODE'], ключ: ['CONTEST_CODE']<-['CONTEST_CODE'], mode: count, multiply: False), status_filters: {'TOURNAMENT_STATUS': ['ПОДВЕДЕНИЕ ИТОГОВ']} (время: 0.000s)
2025-11-12 00:28:57,365 | INFO | [START] merge_fields_across_sheets (src: TOURNAMENT-SCHEDULE -> dst: CONTEST-DATA, поля: ['TOURNAMENT_CODE'], ключ: ['CONTEST_CODE']<-['CONTEST_CODE'], mode: count, multiply: False), status_filters: {'TOURNAMENT_STATUS': ['УДАЛЕН']}
2025-11-12 00:28:57,365 | INFO | [FILTER] Применен фильтр по статусу: TOURNAMENT_STATUS=['УДАЛЕН'], осталось строк: 97
2025-11-12 00:28:57,365 | INFO | [FILTER] Фильтрация завершена: 479 -> 97 строк в листе TOURNAMENT-SCHEDULE
2025-11-12 00:28:57,365 | INFO | [START] add_fields_to_sheet (лист: CONTEST-DATA, поля: ['TOURNAMENT_CODE'], ключ: ['CONTEST_CODE']->['CONTEST_CODE'], mode: count, multiply: False)
2025-11-12 00:28:57,366 | INFO | [END] add_fields_to_sheet (лист: CONTEST-DATA, mode: count, ключ: ['CONTEST_CODE']->['CONTEST_CODE']) (время: 0.001s)
2025-11-12 00:28:57,366 | INFO | [END] merge_fields_across_sheets (src: TOURNAMENT-SCHEDULE -> dst: CONTEST-DATA, поля: ['TOURNAMENT_CODE'], ключ: ['CONTEST_CODE']<-['CONTEST_CODE'], mode: count, multiply: False), status_filters: {'TOURNAMENT_STATUS': ['УДАЛЕН']} (время: 0.000s)
2025-11-12 00:28:57,366 | INFO | [START] Проверка дублей: CONTEST-DATA, ключ: ['CONTEST_CODE']
2025-11-12 00:28:57,366 | INFO | [INFO] Дублей найдено: 0 на листе CONTEST-DATA по ключу ['CONTEST_CODE']
2025-11-12 00:28:57,366 | INFO | [END] Проверка дублей: CONTEST-DATA, время: 0.000s
2025-11-12 00:28:57,366 | INFO | [START] Проверка дублей: GROUP, ключ: ['CONTEST_CODE', 'GROUP_CODE', 'GROUP_VALUE']
2025-11-12 00:28:57,367 | INFO | [INFO] Дублей найдено: 0 на листе GROUP по ключу ['CONTEST_CODE', 'GROUP_CODE', 'GROUP_VALUE']
2025-11-12 00:28:57,367 | INFO | [END] Проверка дублей: GROUP, время: 0.001s
2025-11-12 00:28:57,367 | INFO | [START] Проверка дублей: INDICATOR, ключ: ['CONTEST_CODE', 'INDICATOR_ADD_CALC_TYPE']
2025-11-12 00:28:57,367 | INFO | [INFO] Дублей найдено: 0 на листе INDICATOR по ключу ['CONTEST_CODE', 'INDICATOR_ADD_CALC_TYPE']
2025-11-12 00:28:57,367 | INFO | [END] Проверка дублей: INDICATOR, время: 0.000s
2025-11-12 00:28:57,367 | INFO | [START] Проверка дублей: REPORT, ключ: ['MANAGER_PERSON_NUMBER', 'TOURNAMENT_CODE', 'CONTEST_CODE']
2025-11-12 00:28:57,373 | INFO | [INFO] Дублей найдено: 2 на листе REPORT по ключу ['MANAGER_PERSON_NUMBER', 'TOURNAMENT_CODE', 'CONTEST_CODE']
2025-11-12 00:28:57,374 | INFO | [END] Проверка дублей: REPORT, время: 0.006s
2025-11-12 00:28:57,374 | INFO | [START] Проверка дублей: REWARD, ключ: ['REWARD_CODE']
2025-11-12 00:28:57,374 | INFO | [INFO] Дублей найдено: 0 на листе REWARD по ключу ['REWARD_CODE']
2025-11-12 00:28:57,374 | INFO | [END] Проверка дублей: REWARD, время: 0.000s
2025-11-12 00:28:57,374 | INFO | [START] Проверка дублей: REWARD-LINK, ключ: ['CONTEST_CODE', 'REWARD_CODE']
2025-11-12 00:28:57,375 | INFO | [INFO] Дублей найдено: 0 на листе REWARD-LINK по ключу ['CONTEST_CODE', 'REWARD_CODE']
2025-11-12 00:28:57,375 | INFO | [END] Проверка дублей: REWARD-LINK, время: 0.001s
2025-11-12 00:28:57,375 | INFO | [START] Проверка дублей: ORG_UNIT_V20, ключ: ['ORG_UNIT_CODE']
2025-11-12 00:28:57,375 | INFO | [INFO] Дублей найдено: 0 на листе ORG_UNIT_V20 по ключу ['ORG_UNIT_CODE']
2025-11-12 00:28:57,375 | INFO | [END] Проверка дублей: ORG_UNIT_V20, время: 0.000s
2025-11-12 00:28:57,375 | INFO | [START] Проверка дублей: TOURNAMENT-SCHEDULE, ключ: ['TOURNAMENT_CODE', 'CONTEST_CODE']
2025-11-12 00:28:57,376 | INFO | [INFO] Дублей найдено: 0 на листе TOURNAMENT-SCHEDULE по ключу ['TOURNAMENT_CODE', 'CONTEST_CODE']
2025-11-12 00:28:57,376 | INFO | [END] Проверка дублей: TOURNAMENT-SCHEDULE, время: 0.001s
2025-11-12 00:28:57,376 | INFO | [START] build_summary_sheet (лист: SUMMARY)
2025-11-12 00:28:57,808 | INFO | Summary: Каркас: 1950 строк (реальные комбинации ключей)
2025-11-12 00:28:57,809 | INFO | [START] add_fields_to_sheet (лист-источник: CONTEST-DATA, поля: ['FULL_NAME', 'CONTEST_DESCRIPTION', 'CONTEST_FEATURE => feature', 'CONTEST_FEATURE => momentRewarding', 'TARGET_TYPE', 'CONTEST_FEATURE => vid', 'CONTEST_TYPE', 'PRODUCT_GROUP', 'PRODUCT', 'FACTOR_MATCH', 'PLAN_MOD_VALUE', 'BUSINESS_BLOCK', 'CONTEST_FEATURE => tournamentStartMailing', 'CONTEST_FEATURE => tournamentEndMailing', 'CONTEST_FEATURE => tournamentRewardingMailing', 'CONTEST_FEATURE => tournamentLikeMailing'], ключ: ['CONTEST_CODE']->['CONTEST_CODE'], mode: value)
2025-11-12 00:28:57,810 | INFO | [START] add_fields_to_sheet (лист: SUMMARY, поля: ['FULL_NAME', 'CONTEST_DESCRIPTION', 'CONTEST_FEATURE => feature', 'CONTEST_FEATURE => momentRewarding', 'TARGET_TYPE', 'CONTEST_FEATURE => vid', 'CONTEST_TYPE', 'PRODUCT_GROUP', 'PRODUCT', 'FACTOR_MATCH', 'PLAN_MOD_VALUE', 'BUSINESS_BLOCK', 'CONTEST_FEATURE => tournamentStartMailing', 'CONTEST_FEATURE => tournamentEndMailing', 'CONTEST_FEATURE => tournamentRewardingMailing', 'CONTEST_FEATURE => tournamentLikeMailing'], ключ: ['CONTEST_CODE']->['CONTEST_CODE'], mode: value, multiply: False)
2025-11-12 00:28:57,823 | INFO | [END] add_fields_to_sheet (лист: SUMMARY, поля: ['FULL_NAME', 'CONTEST_DESCRIPTION', 'CONTEST_FEATURE => feature', 'CONTEST_FEATURE => momentRewarding', 'TARGET_TYPE', 'CONTEST_FEATURE => vid', 'CONTEST_TYPE', 'PRODUCT_GROUP', 'PRODUCT', 'FACTOR_MATCH', 'PLAN_MOD_VALUE', 'BUSINESS_BLOCK', 'CONTEST_FEATURE => tournamentStartMailing', 'CONTEST_FEATURE => tournamentEndMailing', 'CONTEST_FEATURE => tournamentRewardingMailing', 'CONTEST_FEATURE => tournamentLikeMailing'], ключ: ['CONTEST_CODE']->['CONTEST_CODE'], mode: value, multiply: False) (время: 0.013s)
2025-11-12 00:28:57,823 | INFO | [END] add_fields_to_sheet (лист-источник: CONTEST-DATA, поля: ['FULL_NAME', 'CONTEST_DESCRIPTION', 'CONTEST_FEATURE => feature', 'CONTEST_FEATURE => momentRewarding', 'TARGET_TYPE', 'CONTEST_FEATURE => vid', 'CONTEST_TYPE', 'PRODUCT_GROUP', 'PRODUCT', 'FACTOR_MATCH', 'PLAN_MOD_VALUE', 'BUSINESS_BLOCK', 'CONTEST_FEATURE => tournamentStartMailing', 'CONTEST_FEATURE => tournamentEndMailing', 'CONTEST_FEATURE => tournamentRewardingMailing', 'CONTEST_FEATURE => tournamentLikeMailing'], ключ: ['CONTEST_CODE']->['CONTEST_CODE'], mode: value) (время: 0.000s)
2025-11-12 00:28:57,823 | INFO | [START] add_fields_to_sheet (лист-источник: GROUP, поля: ['GET_CALC_METHOD', 'GET_CALC_CRITERION', 'ADD_CALC_CRITERION', 'ADD_CALC_CRITERION_2'], ключ: ['CONTEST_CODE', 'GROUP_CODE', 'GROUP_VALUE']->['CONTEST_CODE', 'GROUP_CODE', 'GROUP_VALUE'], mode: value)
2025-11-12 00:28:57,823 | INFO | [START] add_fields_to_sheet (лист: SUMMARY, поля: ['GET_CALC_METHOD', 'GET_CALC_CRITERION', 'ADD_CALC_CRITERION', 'ADD_CALC_CRITERION_2'], ключ: ['CONTEST_CODE', 'GROUP_CODE', 'GROUP_VALUE']->['CONTEST_CODE', 'GROUP_CODE', 'GROUP_VALUE'], mode: value, multiply: False)
2025-11-12 00:28:57,834 | INFO | [END] add_fields_to_sheet (лист: SUMMARY, поля: ['GET_CALC_METHOD', 'GET_CALC_CRITERION', 'ADD_CALC_CRITERION', 'ADD_CALC_CRITERION_2'], ключ: ['CONTEST_CODE', 'GROUP_CODE', 'GROUP_VALUE']->['CONTEST_CODE', 'GROUP_CODE', 'GROUP_VALUE'], mode: value, multiply: False) (время: 0.010s)
2025-11-12 00:28:57,834 | INFO | [END] add_fields_to_sheet (лист-источник: GROUP, поля: ['GET_CALC_METHOD', 'GET_CALC_CRITERION', 'ADD_CALC_CRITERION', 'ADD_CALC_CRITERION_2'], ключ: ['CONTEST_CODE', 'GROUP_CODE', 'GROUP_VALUE']->['CONTEST_CODE', 'GROUP_CODE', 'GROUP_VALUE'], mode: value) (время: 0.000s)
2025-11-12 00:28:57,834 | INFO | [START] add_fields_to_sheet (лист-источник: GROUP, поля: ['GET_CALC_METHOD', 'GET_CALC_CRITERION', 'ADD_CALC_CRITERION', 'ADD_CALC_CRITERION_2'], ключ: ['GROUP_CODE']->['GROUP_CODE'], mode: value)
2025-11-12 00:28:57,834 | INFO | [START] add_fields_to_sheet (лист: SUMMARY, поля: ['GET_CALC_METHOD', 'GET_CALC_CRITERION', 'ADD_CALC_CRITERION', 'ADD_CALC_CRITERION_2'], ключ: ['GROUP_CODE']->['GROUP_CODE'], mode: value, multiply: False)
2025-11-12 00:28:57,839 | INFO | [END] add_fields_to_sheet (лист: SUMMARY, поля: ['GET_CALC_METHOD', 'GET_CALC_CRITERION', 'ADD_CALC_CRITERION', 'ADD_CALC_CRITERION_2'], ключ: ['GROUP_CODE']->['GROUP_CODE'], mode: value, multiply: False) (время: 0.006s)
2025-11-12 00:28:57,840 | INFO | [END] add_fields_to_sheet (лист-источник: GROUP, поля: ['GET_CALC_METHOD', 'GET_CALC_CRITERION', 'ADD_CALC_CRITERION', 'ADD_CALC_CRITERION_2'], ключ: ['GROUP_CODE']->['GROUP_CODE'], mode: value) (время: 0.000s)
2025-11-12 00:28:57,840 | INFO | [START] add_fields_to_sheet (лист-источник: INDICATOR, поля: ['INDICATOR_CODE', 'INDICATOR_AGG_FUNCTION', 'INDICATOR_WEIGHT', 'INDICATOR_MARK_TYPE', 'INDICATOR_MATCH', 'INDICATOR_VALUE'], ключ: ['CONTEST_CODE']->['CONTEST_CODE'], mode: value)
2025-11-12 00:28:57,840 | INFO | [START] add_fields_to_sheet (лист: SUMMARY, поля: ['INDICATOR_CODE', 'INDICATOR_AGG_FUNCTION', 'INDICATOR_WEIGHT', 'INDICATOR_MARK_TYPE', 'INDICATOR_MATCH', 'INDICATOR_VALUE'], ключ: ['CONTEST_CODE']->['CONTEST_CODE'], mode: value, multiply: False)
2025-11-12 00:28:57,847 | INFO | [END] add_fields_to_sheet (лист: SUMMARY, поля: ['INDICATOR_CODE', 'INDICATOR_AGG_FUNCTION', 'INDICATOR_WEIGHT', 'INDICATOR_MARK_TYPE', 'INDICATOR_MATCH', 'INDICATOR_VALUE'], ключ: ['CONTEST_CODE']->['CONTEST_CODE'], mode: value, multiply: False) (время: 0.008s)
2025-11-12 00:28:57,847 | INFO | [END] add_fields_to_sheet (лист-источник: INDICATOR, поля: ['INDICATOR_CODE', 'INDICATOR_AGG_FUNCTION', 'INDICATOR_WEIGHT', 'INDICATOR_MARK_TYPE', 'INDICATOR_MATCH', 'INDICATOR_VALUE'], ключ: ['CONTEST_CODE']->['CONTEST_CODE'], mode: value) (время: 0.000s)
2025-11-12 00:28:57,847 | INFO | [START] add_fields_to_sheet (лист-источник: TOURNAMENT-SCHEDULE, поля: ['START_DT', 'END_DT', 'RESULT_DT', 'TOURNAMENT_STATUS', 'TARGET_TYPE'], ключ: ['TOURNAMENT_CODE']->['TOURNAMENT_CODE'], mode: value)
2025-11-12 00:28:57,847 | INFO | [START] add_fields_to_sheet (лист: SUMMARY, поля: ['START_DT', 'END_DT', 'RESULT_DT', 'TOURNAMENT_STATUS', 'TARGET_TYPE'], ключ: ['TOURNAMENT_CODE']->['TOURNAMENT_CODE'], mode: value, multiply: False)
2025-11-12 00:28:57,856 | INFO | [END] add_fields_to_sheet (лист: SUMMARY, поля: ['START_DT', 'END_DT', 'RESULT_DT', 'TOURNAMENT_STATUS', 'TARGET_TYPE'], ключ: ['TOURNAMENT_CODE']->['TOURNAMENT_CODE'], mode: value, multiply: False) (время: 0.008s)
2025-11-12 00:28:57,856 | INFO | [END] add_fields_to_sheet (лист-источник: TOURNAMENT-SCHEDULE, поля: ['START_DT', 'END_DT', 'RESULT_DT', 'TOURNAMENT_STATUS', 'TARGET_TYPE'], ключ: ['TOURNAMENT_CODE']->['TOURNAMENT_CODE'], mode: value) (время: 0.000s)
2025-11-12 00:28:57,856 | INFO | [START] add_fields_to_sheet (лист-источник: REPORT, поля: ['CONTEST_DATE'], ключ: ['TOURNAMENT_CODE', 'CONTEST_CODE']->['TOURNAMENT_CODE', 'CONTEST_CODE'], mode: value)
2025-11-12 00:28:57,856 | INFO | [START] add_fields_to_sheet (лист: SUMMARY, поля: ['CONTEST_DATE'], ключ: ['TOURNAMENT_CODE', 'CONTEST_CODE']->['TOURNAMENT_CODE', 'CONTEST_CODE'], mode: value, multiply: False)
2025-11-12 00:28:57,911 | INFO | [END] add_fields_to_sheet (лист: SUMMARY, поля: ['CONTEST_DATE'], ключ: ['TOURNAMENT_CODE', 'CONTEST_CODE']->['TOURNAMENT_CODE', 'CONTEST_CODE'], mode: value, multiply: False) (время: 0.055s)
2025-11-12 00:28:57,912 | INFO | [END] add_fields_to_sheet (лист-источник: REPORT, поля: ['CONTEST_DATE'], ключ: ['TOURNAMENT_CODE', 'CONTEST_CODE']->['TOURNAMENT_CODE', 'CONTEST_CODE'], mode: value) (время: 0.000s)
2025-11-12 00:28:57,912 | INFO | [START] add_fields_to_sheet (лист-источник: REPORT, поля: ['CONTEST_DATE'], ключ: ['TOURNAMENT_CODE', 'CONTEST_CODE']->['TOURNAMENT_CODE', 'CONTEST_CODE'], mode: count)
2025-11-12 00:28:57,912 | INFO | [START] add_fields_to_sheet (лист: SUMMARY, поля: ['CONTEST_DATE'], ключ: ['TOURNAMENT_CODE', 'CONTEST_CODE']->['TOURNAMENT_CODE', 'CONTEST_CODE'], mode: count, multiply: False)
2025-11-12 00:28:57,919 | INFO | [END] add_fields_to_sheet (лист: SUMMARY, mode: count, ключ: ['TOURNAMENT_CODE', 'CONTEST_CODE']->['TOURNAMENT_CODE', 'CONTEST_CODE']) (время: 0.007s)
2025-11-12 00:28:57,919 | INFO | [END] add_fields_to_sheet (лист-источник: REPORT, поля: ['CONTEST_DATE'], ключ: ['TOURNAMENT_CODE', 'CONTEST_CODE']->['TOURNAMENT_CODE', 'CONTEST_CODE'], mode: count) (время: 0.000s)
2025-11-12 00:28:57,919 | INFO | [START] add_fields_to_sheet (лист-источник: CONTEST-DATA, поля: ['CONTEST_CODE'], ключ: ['CONTEST_CODE']->['CONTEST_CODE'], mode: count)
2025-11-12 00:28:57,919 | INFO | [START] add_fields_to_sheet (лист: SUMMARY, поля: ['CONTEST_CODE'], ключ: ['CONTEST_CODE']->['CONTEST_CODE'], mode: count, multiply: False)
2025-11-12 00:28:57,923 | INFO | [END] add_fields_to_sheet (лист: SUMMARY, mode: count, ключ: ['CONTEST_CODE']->['CONTEST_CODE']) (время: 0.004s)
2025-11-12 00:28:57,923 | INFO | [END] add_fields_to_sheet (лист-источник: CONTEST-DATA, поля: ['CONTEST_CODE'], ключ: ['CONTEST_CODE']->['CONTEST_CODE'], mode: count) (время: 0.000s)
2025-11-12 00:28:57,923 | INFO | [START] add_fields_to_sheet (лист-источник: TOURNAMENT-SCHEDULE, поля: ['CONTEST_CODE'], ключ: ['CONTEST_CODE']->['CONTEST_CODE'], mode: count)
2025-11-12 00:28:57,923 | INFO | [START] add_fields_to_sheet (лист: SUMMARY, поля: ['CONTEST_CODE'], ключ: ['CONTEST_CODE']->['CONTEST_CODE'], mode: count, multiply: False)
2025-11-12 00:28:57,927 | INFO | [END] add_fields_to_sheet (лист: SUMMARY, mode: count, ключ: ['CONTEST_CODE']->['CONTEST_CODE']) (время: 0.004s)
2025-11-12 00:28:57,927 | INFO | [END] add_fields_to_sheet (лист-источник: TOURNAMENT-SCHEDULE, поля: ['CONTEST_CODE'], ключ: ['CONTEST_CODE']->['CONTEST_CODE'], mode: count) (время: 0.000s)
2025-11-12 00:28:57,927 | INFO | [START] add_fields_to_sheet (лист-источник: GROUP, поля: ['CONTEST_CODE'], ключ: ['CONTEST_CODE']->['CONTEST_CODE'], mode: count)
2025-11-12 00:28:57,927 | INFO | [START] add_fields_to_sheet (лист: SUMMARY, поля: ['CONTEST_CODE'], ключ: ['CONTEST_CODE']->['CONTEST_CODE'], mode: count, multiply: False)
2025-11-12 00:28:57,931 | INFO | [END] add_fields_to_sheet (лист: SUMMARY, mode: count, ключ: ['CONTEST_CODE']->['CONTEST_CODE']) (время: 0.004s)
2025-11-12 00:28:57,931 | INFO | [END] add_fields_to_sheet (лист-источник: GROUP, поля: ['CONTEST_CODE'], ключ: ['CONTEST_CODE']->['CONTEST_CODE'], mode: count) (время: 0.000s)
2025-11-12 00:28:57,931 | INFO | [START] add_fields_to_sheet (лист-источник: GROUP, поля: ['CONTEST_CODE'], ключ: ['CONTEST_CODE', 'GROUP_CODE', 'GROUP_VALUE']->['CONTEST_CODE', 'GROUP_CODE', 'GROUP_VALUE'], mode: count)
2025-11-12 00:28:57,931 | INFO | [START] add_fields_to_sheet (лист: SUMMARY, поля: ['CONTEST_CODE'], ключ: ['CONTEST_CODE', 'GROUP_CODE', 'GROUP_VALUE']->['CONTEST_CODE', 'GROUP_CODE', 'GROUP_VALUE'], mode: count, multiply: False)
2025-11-12 00:28:57,938 | INFO | [END] add_fields_to_sheet (лист: SUMMARY, mode: count, ключ: ['CONTEST_CODE', 'GROUP_CODE', 'GROUP_VALUE']->['CONTEST_CODE', 'GROUP_CODE', 'GROUP_VALUE']) (время: 0.007s)
2025-11-12 00:28:57,938 | INFO | [END] add_fields_to_sheet (лист-источник: GROUP, поля: ['CONTEST_CODE'], ключ: ['CONTEST_CODE', 'GROUP_CODE', 'GROUP_VALUE']->['CONTEST_CODE', 'GROUP_CODE', 'GROUP_VALUE'], mode: count) (время: 0.000s)
2025-11-12 00:28:57,938 | INFO | [START] add_fields_to_sheet (лист-источник: INDICATOR, поля: ['INDICATOR_MARK_TYPE'], ключ: ['CONTEST_CODE']->['CONTEST_CODE'], mode: count)
2025-11-12 00:28:57,938 | INFO | [START] add_fields_to_sheet (лист: SUMMARY, поля: ['INDICATOR_MARK_TYPE'], ключ: ['CONTEST_CODE']->['CONTEST_CODE'], mode: count, multiply: False)
2025-11-12 00:28:57,942 | INFO | [END] add_fields_to_sheet (лист: SUMMARY, mode: count, ключ: ['CONTEST_CODE']->['CONTEST_CODE']) (время: 0.004s)
2025-11-12 00:28:57,942 | INFO | [END] add_fields_to_sheet (лист-источник: INDICATOR, поля: ['INDICATOR_MARK_TYPE'], ключ: ['CONTEST_CODE']->['CONTEST_CODE'], mode: count) (время: 0.000s)
2025-11-12 00:28:57,942 | INFO | [START] add_fields_to_sheet (лист-источник: REWARD-LINK, поля: ['CONTEST_CODE'], ключ: ['REWARD_CODE']->['REWARD_CODE'], mode: count)
2025-11-12 00:28:57,942 | INFO | [START] add_fields_to_sheet (лист: SUMMARY, поля: ['CONTEST_CODE'], ключ: ['REWARD_CODE']->['REWARD_CODE'], mode: count, multiply: False)
2025-11-12 00:28:57,946 | INFO | [END] add_fields_to_sheet (лист: SUMMARY, mode: count, ключ: ['REWARD_CODE']->['REWARD_CODE']) (время: 0.004s)
2025-11-12 00:28:57,946 | INFO | [END] add_fields_to_sheet (лист-источник: REWARD-LINK, поля: ['CONTEST_CODE'], ключ: ['REWARD_CODE']->['REWARD_CODE'], mode: count) (время: 0.000s)
2025-11-12 00:28:57,946 | INFO | [START] add_fields_to_sheet (лист-источник: REWARD-LINK, поля: ['CONTEST_CODE'], ключ: ['CONTEST_CODE', 'REWARD_CODE']->['CONTEST_CODE', 'REWARD_CODE'], mode: count)
2025-11-12 00:28:57,946 | INFO | [START] add_fields_to_sheet (лист: SUMMARY, поля: ['CONTEST_CODE'], ключ: ['CONTEST_CODE', 'REWARD_CODE']->['CONTEST_CODE', 'REWARD_CODE'], mode: count, multiply: False)
2025-11-12 00:28:57,952 | INFO | [END] add_fields_to_sheet (лист: SUMMARY, mode: count, ключ: ['CONTEST_CODE', 'REWARD_CODE']->['CONTEST_CODE', 'REWARD_CODE']) (время: 0.006s)
2025-11-12 00:28:57,952 | INFO | [END] add_fields_to_sheet (лист-источник: REWARD-LINK, поля: ['CONTEST_CODE'], ключ: ['CONTEST_CODE', 'REWARD_CODE']->['CONTEST_CODE', 'REWARD_CODE'], mode: count) (время: 0.000s)
2025-11-12 00:28:57,952 | INFO | [START] add_fields_to_sheet (лист-источник: REWARD, поля: ['REWARD_CODE'], ключ: ['REWARD_CODE']->['REWARD_CODE'], mode: count)
2025-11-12 00:28:57,952 | INFO | [START] add_fields_to_sheet (лист: SUMMARY, поля: ['REWARD_CODE'], ключ: ['REWARD_CODE']->['REWARD_CODE'], mode: count, multiply: False)
2025-11-12 00:28:57,956 | INFO | [END] add_fields_to_sheet (лист: SUMMARY, mode: count, ключ: ['REWARD_CODE']->['REWARD_CODE']) (время: 0.004s)
2025-11-12 00:28:57,956 | INFO | [END] add_fields_to_sheet (лист-источник: REWARD, поля: ['REWARD_CODE'], ключ: ['REWARD_CODE']->['REWARD_CODE'], mode: count) (время: 0.000s)
2025-11-12 00:28:57,956 | INFO | [START] add_fields_to_sheet (лист-источник: TOURNAMENT-SCHEDULE, поля: ['CONTEST_CODE'], ключ: ['CONTEST_CODE']->['CONTEST_CODE'], mode: count)
2025-11-12 00:28:57,956 | INFO | [START] add_fields_to_sheet (лист: SUMMARY, поля: ['CONTEST_CODE'], ключ: ['CONTEST_CODE']->['CONTEST_CODE'], mode: count, multiply: False)
2025-11-12 00:28:57,961 | INFO | [END] add_fields_to_sheet (лист: SUMMARY, mode: count, ключ: ['CONTEST_CODE']->['CONTEST_CODE']) (время: 0.004s)
2025-11-12 00:28:57,961 | INFO | [END] add_fields_to_sheet (лист-источник: TOURNAMENT-SCHEDULE, поля: ['CONTEST_CODE'], ключ: ['CONTEST_CODE']->['CONTEST_CODE'], mode: count) (время: 0.000s)
2025-11-12 00:28:57,961 | INFO | [START] add_fields_to_sheet (лист-источник: REPORT, поля: ['CONTEST_DATE'], ключ: ['CONTEST_CODE']->['CONTEST_CODE'], mode: count)
2025-11-12 00:28:57,961 | INFO | [START] add_fields_to_sheet (лист: SUMMARY, поля: ['CONTEST_DATE'], ключ: ['CONTEST_CODE']->['CONTEST_CODE'], mode: count, multiply: False)
2025-11-12 00:28:57,966 | INFO | [END] add_fields_to_sheet (лист: SUMMARY, mode: count, ключ: ['CONTEST_CODE']->['CONTEST_CODE']) (время: 0.005s)
2025-11-12 00:28:57,966 | INFO | [END] add_fields_to_sheet (лист-источник: REPORT, поля: ['CONTEST_DATE'], ключ: ['CONTEST_CODE']->['CONTEST_CODE'], mode: count) (время: 0.000s)
2025-11-12 00:28:57,966 | INFO | [START] add_fields_to_sheet (лист-источник: REPORT, поля: ['CONTEST_DATE'], ключ: ['TOURNAMENT_CODE']->['TOURNAMENT_CODE'], mode: count)
2025-11-12 00:28:57,966 | INFO | [START] add_fields_to_sheet (лист: SUMMARY, поля: ['CONTEST_DATE'], ключ: ['TOURNAMENT_CODE']->['TOURNAMENT_CODE'], mode: count, multiply: False)
2025-11-12 00:28:57,971 | INFO | [END] add_fields_to_sheet (лист: SUMMARY, mode: count, ключ: ['TOURNAMENT_CODE']->['TOURNAMENT_CODE']) (время: 0.005s)
2025-11-12 00:28:57,971 | INFO | [END] add_fields_to_sheet (лист-источник: REPORT, поля: ['CONTEST_DATE'], ключ: ['TOURNAMENT_CODE']->['TOURNAMENT_CODE'], mode: count) (время: 0.000s)
2025-11-12 00:28:57,971 | INFO | [START] add_fields_to_sheet (лист-источник: TOURNAMENT-SCHEDULE, поля: ['CONTEST_CODE'], ключ: ['TOURNAMENT_CODE']->['TOURNAMENT_CODE'], mode: count)
2025-11-12 00:28:57,971 | INFO | [START] add_fields_to_sheet (лист: SUMMARY, поля: ['CONTEST_CODE'], ключ: ['TOURNAMENT_CODE']->['TOURNAMENT_CODE'], mode: count, multiply: False)
2025-11-12 00:28:57,975 | INFO | [END] add_fields_to_sheet (лист: SUMMARY, mode: count, ключ: ['TOURNAMENT_CODE']->['TOURNAMENT_CODE']) (время: 0.004s)
2025-11-12 00:28:57,975 | INFO | [END] add_fields_to_sheet (лист-источник: TOURNAMENT-SCHEDULE, поля: ['CONTEST_CODE'], ключ: ['TOURNAMENT_CODE']->['TOURNAMENT_CODE'], mode: count) (время: 0.000s)
2025-11-12 00:28:57,975 | INFO | [START] add_fields_to_sheet (лист-источник: TOURNAMENT-SCHEDULE, поля: ['CONTEST_CODE'], ключ: ['CONTEST_CODE', 'TOURNAMENT_CODE']->['CONTEST_CODE', 'TOURNAMENT_CODE'], mode: count)
2025-11-12 00:28:57,975 | INFO | [START] add_fields_to_sheet (лист: SUMMARY, поля: ['CONTEST_CODE'], ключ: ['CONTEST_CODE', 'TOURNAMENT_CODE']->['CONTEST_CODE', 'TOURNAMENT_CODE'], mode: count, multiply: False)
2025-11-12 00:28:57,981 | INFO | [END] add_fields_to_sheet (лист: SUMMARY, mode: count, ключ: ['CONTEST_CODE', 'TOURNAMENT_CODE']->['CONTEST_CODE', 'TOURNAMENT_CODE']) (время: 0.006s)
2025-11-12 00:28:57,981 | INFO | [END] add_fields_to_sheet (лист-источник: TOURNAMENT-SCHEDULE, поля: ['CONTEST_CODE'], ключ: ['CONTEST_CODE', 'TOURNAMENT_CODE']->['CONTEST_CODE', 'TOURNAMENT_CODE'], mode: count) (время: 0.000s)
2025-11-12 00:28:57,982 | INFO | [START] add_fields_to_sheet (лист-источник: REWARD, поля: ['FULL_NAME', 'REWARD_DESCRIPTION', 'ADD_DATA => feature', 'ADD_DATA => itemFeature', 'ADD_DATA => rewardRule', 'ADD_DATA => hidden', 'ADD_DATA => nftFlg', 'ADD_DATA => rewardAgainGlobal', 'ADD_DATA => rewardAgainTournament', 'ADD_DATA => outstanding', 'ADD_DATA => teamNews', 'ADD_DATA => singleNews'], ключ: ['CONTEST_CODE', 'REWARD_CODE']->['REWARD_LINK => CONTEST_CODE', 'REWARD_CODE'], mode: value)
2025-11-12 00:28:57,982 | INFO | [START] add_fields_to_sheet (лист: SUMMARY, поля: ['FULL_NAME', 'REWARD_DESCRIPTION', 'ADD_DATA => feature', 'ADD_DATA => itemFeature', 'ADD_DATA => rewardRule', 'ADD_DATA => hidden', 'ADD_DATA => nftFlg', 'ADD_DATA => rewardAgainGlobal', 'ADD_DATA => rewardAgainTournament', 'ADD_DATA => outstanding', 'ADD_DATA => teamNews', 'ADD_DATA => singleNews'], ключ: ['CONTEST_CODE', 'REWARD_CODE']->['REWARD_LINK => CONTEST_CODE', 'REWARD_CODE'], mode: value, multiply: False)
2025-11-12 00:28:58,001 | INFO | [END] add_fields_to_sheet (лист: SUMMARY, поля: ['FULL_NAME', 'REWARD_DESCRIPTION', 'ADD_DATA => feature', 'ADD_DATA => itemFeature', 'ADD_DATA => rewardRule', 'ADD_DATA => hidden', 'ADD_DATA => nftFlg', 'ADD_DATA => rewardAgainGlobal', 'ADD_DATA => rewardAgainTournament', 'ADD_DATA => outstanding', 'ADD_DATA => teamNews', 'ADD_DATA => singleNews'], ключ: ['CONTEST_CODE', 'REWARD_CODE']->['REWARD_LINK => CONTEST_CODE', 'REWARD_CODE'], mode: value, multiply: False) (время: 0.019s)
2025-11-12 00:28:58,001 | INFO | [END] add_fields_to_sheet (лист-источник: REWARD, поля: ['FULL_NAME', 'REWARD_DESCRIPTION', 'ADD_DATA => feature', 'ADD_DATA => itemFeature', 'ADD_DATA => rewardRule', 'ADD_DATA => hidden', 'ADD_DATA => nftFlg', 'ADD_DATA => rewardAgainGlobal', 'ADD_DATA => rewardAgainTournament', 'ADD_DATA => outstanding', 'ADD_DATA => teamNews', 'ADD_DATA => singleNews'], ключ: ['CONTEST_CODE', 'REWARD_CODE']->['REWARD_LINK => CONTEST_CODE', 'REWARD_CODE'], mode: value) (время: 0.000s)
2025-11-12 00:28:58,001 | INFO | [START] add_fields_to_sheet (лист-источник: REWARD, поля: ['FULL_NAME', 'REWARD_DESCRIPTION', 'ADD_DATA => feature', 'ADD_DATA => itemFeature', 'ADD_DATA => rewardRule', 'ADD_DATA => rewardAgainGlobal', 'ADD_DATA => rewardAgainTournament', 'ADD_DATA => outstanding', 'ADD_DATA => teamNews', 'ADD_DATA => singleNews'], ключ: ['REWARD_CODE']->['REWARD_CODE'], mode: value)
2025-11-12 00:28:58,001 | INFO | [START] add_fields_to_sheet (лист: SUMMARY, поля: ['FULL_NAME', 'REWARD_DESCRIPTION', 'ADD_DATA => feature', 'ADD_DATA => itemFeature', 'ADD_DATA => rewardRule', 'ADD_DATA => rewardAgainGlobal', 'ADD_DATA => rewardAgainTournament', 'ADD_DATA => outstanding', 'ADD_DATA => teamNews', 'ADD_DATA => singleNews'], ключ: ['REWARD_CODE']->['REWARD_CODE'], mode: value, multiply: False)
2025-11-12 00:28:58,013 | INFO | [END] add_fields_to_sheet (лист: SUMMARY, поля: ['FULL_NAME', 'REWARD_DESCRIPTION', 'ADD_DATA => feature', 'ADD_DATA => itemFeature', 'ADD_DATA => rewardRule', 'ADD_DATA => rewardAgainGlobal', 'ADD_DATA => rewardAgainTournament', 'ADD_DATA => outstanding', 'ADD_DATA => teamNews', 'ADD_DATA => singleNews'], ключ: ['REWARD_CODE']->['REWARD_CODE'], mode: value, multiply: False) (время: 0.012s)
2025-11-12 00:28:58,014 | INFO | [END] add_fields_to_sheet (лист-источник: REWARD, поля: ['FULL_NAME', 'REWARD_DESCRIPTION', 'ADD_DATA => feature', 'ADD_DATA => itemFeature', 'ADD_DATA => rewardRule', 'ADD_DATA => rewardAgainGlobal', 'ADD_DATA => rewardAgainTournament', 'ADD_DATA => outstanding', 'ADD_DATA => teamNews', 'ADD_DATA => singleNews'], ключ: ['REWARD_CODE']->['REWARD_CODE'], mode: value) (время: 0.000s)
2025-11-12 00:28:58,014 | INFO | [START] add_fields_to_sheet (лист-источник: REWARD-LINK, поля: ['CONTEST_CODE'], ключ: ['REWARD_CODE']->['REWARD_CODE'], mode: value)
2025-11-12 00:28:58,014 | INFO | [START] add_fields_to_sheet (лист: SUMMARY, поля: ['CONTEST_CODE'], ключ: ['REWARD_CODE']->['REWARD_CODE'], mode: value, multiply: False)
2025-11-12 00:28:58,020 | INFO | [END] add_fields_to_sheet (лист: SUMMARY, поля: ['CONTEST_CODE'], ключ: ['REWARD_CODE']->['REWARD_CODE'], mode: value, multiply: False) (время: 0.006s)
2025-11-12 00:28:58,020 | INFO | [END] add_fields_to_sheet (лист-источник: REWARD-LINK, поля: ['CONTEST_CODE'], ключ: ['REWARD_CODE']->['REWARD_CODE'], mode: value) (время: 0.000s)
2025-11-12 00:28:58,020 | INFO | [START] add_fields_to_sheet (лист-источник: REPORT, поля: ['CONTEST_DATE'], ключ: ['CONTEST_CODE']->['CONTEST_CODE'], mode: value)
2025-11-12 00:28:58,020 | INFO | [START] add_fields_to_sheet (лист: SUMMARY, поля: ['CONTEST_DATE'], ключ: ['CONTEST_CODE']->['CONTEST_CODE'], mode: value, multiply: False)
2025-11-12 00:28:58,059 | INFO | [END] add_fields_to_sheet (лист: SUMMARY, поля: ['CONTEST_DATE'], ключ: ['CONTEST_CODE']->['CONTEST_CODE'], mode: value, multiply: False) (время: 0.039s)
2025-11-12 00:28:58,060 | INFO | [END] add_fields_to_sheet (лист-источник: REPORT, поля: ['CONTEST_DATE'], ключ: ['CONTEST_CODE']->['CONTEST_CODE'], mode: value) (время: 0.000s)
2025-11-12 00:28:58,060 | INFO | [START] add_fields_to_sheet (лист-источник: TOURNAMENT-SCHEDULE, поля: ['START_DT', 'END_DT', 'RESULT_DT', 'TOURNAMENT_STATUS', 'TARGET_TYPE'], ключ: ['CONTEST_CODE']->['CONTEST_CODE'], mode: value)
2025-11-12 00:28:58,060 | INFO | [START] add_fields_to_sheet (лист: SUMMARY, поля: ['START_DT', 'END_DT', 'RESULT_DT', 'TOURNAMENT_STATUS', 'TARGET_TYPE'], ключ: ['CONTEST_CODE']->['CONTEST_CODE'], mode: value, multiply: False)
2025-11-12 00:28:58,067 | INFO | [END] add_fields_to_sheet (лист: SUMMARY, поля: ['START_DT', 'END_DT', 'RESULT_DT', 'TOURNAMENT_STATUS', 'TARGET_TYPE'], ключ: ['CONTEST_CODE']->['CONTEST_CODE'], mode: value, multiply: False) (время: 0.008s)
2025-11-12 00:28:58,067 | INFO | [END] add_fields_to_sheet (лист-источник: TOURNAMENT-SCHEDULE, поля: ['START_DT', 'END_DT', 'RESULT_DT', 'TOURNAMENT_STATUS', 'TARGET_TYPE'], ключ: ['CONTEST_CODE']->['CONTEST_CODE'], mode: value) (время: 0.000s)
2025-11-12 00:28:58,067 | INFO | [START] add_fields_to_sheet (лист-источник: REWARD, поля: ['REWARD_CODE'], ключ: ['CONTEST_CODE']->['REWARD_LINK => CONTEST_CODE'], mode: count)
2025-11-12 00:28:58,067 | INFO | [START] add_fields_to_sheet (лист: SUMMARY, поля: ['REWARD_CODE'], ключ: ['CONTEST_CODE']->['REWARD_LINK => CONTEST_CODE'], mode: count, multiply: False)
2025-11-12 00:28:58,072 | INFO | [END] add_fields_to_sheet (лист: SUMMARY, mode: count, ключ: ['CONTEST_CODE']->['REWARD_LINK => CONTEST_CODE']) (время: 0.004s)
2025-11-12 00:28:58,072 | INFO | [END] add_fields_to_sheet (лист-источник: REWARD, поля: ['REWARD_CODE'], ключ: ['CONTEST_CODE']->['REWARD_LINK => CONTEST_CODE'], mode: count) (время: 0.000s)
2025-11-12 00:28:58,072 | INFO | [START] add_fields_to_sheet (лист-источник: REWARD, поля: ['REWARD_CODE'], ключ: ['CONTEST_CODE', 'REWARD_CODE']->['REWARD_LINK => CONTEST_CODE', 'REWARD_CODE'], mode: count)
2025-11-12 00:28:58,072 | INFO | [START] add_fields_to_sheet (лист: SUMMARY, поля: ['REWARD_CODE'], ключ: ['CONTEST_CODE', 'REWARD_CODE']->['REWARD_LINK => CONTEST_CODE', 'REWARD_CODE'], mode: count, multiply: False)
2025-11-12 00:28:58,078 | INFO | [END] add_fields_to_sheet (лист: SUMMARY, mode: count, ключ: ['CONTEST_CODE', 'REWARD_CODE']->['REWARD_LINK => CONTEST_CODE', 'REWARD_CODE']) (время: 0.006s)
2025-11-12 00:28:58,078 | INFO | [END] add_fields_to_sheet (лист-источник: REWARD, поля: ['REWARD_CODE'], ключ: ['CONTEST_CODE', 'REWARD_CODE']->['REWARD_LINK => CONTEST_CODE', 'REWARD_CODE'], mode: count) (время: 0.000s)
2025-11-12 00:28:58,078 | INFO | Итоговая структура: 1950 строк, 57 колонок
2025-11-12 00:28:58,078 | INFO | Лист Excel сформирован: SUMMARY (строк: 1950, колонок: 57)
2025-11-12 00:28:58,078 | INFO | [END] build_summary_sheet (лист: SUMMARY) (время: 0.703s)
2025-11-12 00:28:58,081 | INFO | [START] create_unique_summary_sheets (создание уникальных листов SUMMARY)
2025-11-12 00:28:58,081 | INFO | [SUMMARY_SHEET] Создание уникального листа SUMMARY_REWARD по ключу REWARD_CODE
2025-11-12 00:28:58,082 | INFO | [SUMMARY_SHEET] Обработка 1950 строк, найдено 534 уникальных значений
2025-11-12 00:28:58,088 | INFO | [SUMMARY_SHEET] Удалено 1416 дублей, осталось 534 уникальных строк
2025-11-12 00:28:58,089 | INFO | [SUMMARY_SHEET] Лист SUMMARY_REWARD создан: 534 уникальных строк по ключу REWARD_CODE
2025-11-12 00:28:58,089 | INFO | [SUMMARY_SHEET] Создание уникального листа SUMMARY_CONTEST по ключу CONTEST_CODE
2025-11-12 00:28:58,090 | INFO | [SUMMARY_SHEET] Обработка 1950 строк, найдено 260 уникальных значений
2025-11-12 00:28:58,093 | INFO | [SUMMARY_SHEET] Удалено 1690 дублей, осталось 260 уникальных строк
2025-11-12 00:28:58,094 | INFO | [SUMMARY_SHEET] Лист SUMMARY_CONTEST создан: 260 уникальных строк по ключу CONTEST_CODE
2025-11-12 00:28:58,094 | INFO | [SUMMARY_SHEET] Создание уникального листа SUMMARY_SCHEDULE по ключу TOURNAMENT_CODE
2025-11-12 00:28:58,095 | INFO | [SUMMARY_SHEET] Обработка 1950 строк, найдено 479 уникальных значений
2025-11-12 00:28:58,098 | INFO | [SUMMARY_SHEET] Удалено 1471 дублей, осталось 479 уникальных строк
2025-11-12 00:28:58,099 | INFO | [SUMMARY_SHEET] Лист SUMMARY_SCHEDULE создан: 479 уникальных строк по ключу TOURNAMENT_CODE
2025-11-12 00:28:58,099 | INFO | [END] create_unique_summary_sheets (создание уникальных листов SUMMARY) (время: 0.000s)
2025-11-12 00:28:58,099 | INFO | [START] write_to_excel (/Users/orionflash/Desktop/MyProject/SPOD_PROM/SPOD-cursor-Parce/SPOD_PARCE_LOAD/OUT/SPOD_ALL_IN_ONE_2025-11-12_00-28-58.xlsx)
2025-11-12 00:28:58,099 | INFO | [START] write_to_excel (/Users/orionflash/Desktop/MyProject/SPOD_PROM/SPOD-cursor-Parce/SPOD_PARCE_LOAD/OUT/SPOD_ALL_IN_ONE_2025-11-12_00-28-58.xlsx)
2025-11-12 00:28:58,801 | INFO | Лист Excel сформирован: SUMMARY (строк: 1950, колонок: 57)
2025-11-12 00:28:59,276 | INFO | Лист Excel сформирован: SUMMARY_REWARD (строк: 534, колонок: 57)
2025-11-12 00:28:59,503 | INFO | Лист Excel сформирован: SUMMARY_CONTEST (строк: 260, колонок: 57)
2025-11-12 00:28:59,938 | INFO | Лист Excel сформирован: SUMMARY_SCHEDULE (строк: 479, колонок: 57)
2025-11-12 00:29:00,163 | INFO | Лист Excel сформирован: CONTEST-DATA (строк: 260, колонок: 55)
2025-11-12 00:29:00,216 | INFO | Лист Excel сформирован: GROUP (строк: 350, колонок: 10)
2025-11-12 00:29:00,283 | INFO | Лист Excel сформирован: INDICATOR (строк: 247, колонок: 18)
2025-11-12 00:29:00,308 | INFO | Лист Excel сформирован: ORG_UNIT_V20 (строк: 121, колонок: 13)
2025-11-12 00:29:05,364 | INFO | Лист Excel сформирован: REPORT (строк: 20566, колонок: 16)
2025-11-12 00:29:06,086 | INFO | Лист Excel сформирован: REWARD (строк: 534, колонок: 86)
2025-11-12 00:29:06,121 | INFO | Лист Excel сформирован: REWARD-LINK (строк: 464, колонок: 5)
2025-11-12 00:29:06,351 | INFO | Лист Excel сформирован: TOURNAMENT-SCHEDULE (строк: 479, колонок: 23)
2025-11-12 00:29:11,124 | INFO | [END] write_to_excel (/Users/orionflash/Desktop/MyProject/SPOD_PROM/SPOD-cursor-Parce/SPOD_PARCE_LOAD/OUT/SPOD_ALL_IN_ONE_2025-11-12_00-28-58.xlsx) (время: 13.026s)
2025-11-12 00:29:11,124 | INFO | [END] write_to_excel (/Users/orionflash/Desktop/MyProject/SPOD_PROM/SPOD-cursor-Parce/SPOD_PARCE_LOAD/OUT/SPOD_ALL_IN_ONE_2025-11-12_00-28-58.xlsx) (время: 0.000s)
2025-11-12 00:29:11,124 | INFO | === Завершение работы. Обработано файлов: 8, строк всего: 23021. Время выполнения: 0:00:15.858172 ===
2025-11-12 00:29:11,124 | INFO | Summary: CONTEST-DATA: 260 строк; GROUP: 350 строк; INDICATOR: 247 строк; REPORT: 20566 строк; REWARD: 534 строк; REWARD-LINK: 464 строк; ORG_UNIT_V20: 121 строк; TOURNAMENT-SCHEDULE: 479 строк; USER_ROLE: файл не найден; USER_ROLE SB: файл не найден; EMPLOYEE: файл не найден
2025-11-12 00:29:11,124 | INFO | Excel file: /Users/orionflash/Desktop/MyProject/SPOD_PROM/SPOD-cursor-Parce/SPOD_PARCE_LOAD/OUT/SPOD_ALL_IN_ONE_2025-11-12_00-28-58.xlsx
2025-11-12 00:29:11,124 | INFO | Log file: /Users/orionflash/Desktop/MyProject/SPOD_PROM/SPOD-cursor-Parce/SPOD_PARCE_LOAD/LOGS/LOGS_INFO_2025-11-12.log
